54.0 APEX_CODE,FINEST;APEX_PROFILING,INFO;CALLOUT,INFO;DB,INFO;NBA,INFO;SYSTEM,DEBUG;VALIDATION,INFO;VISUALFORCE,INFO;WAVE,INFO;WORKFLOW,INFO
Execute Anonymous: LadderGame.start();
23:05:46.3 (3231964)|USER_INFO|[EXTERNAL]|005IY000000V6GS|ethancmm@resilient-otter-8kfe9l.com|(GMT-05:00) Colombia Standard Time (America/Bogota)|GMT-05:00
23:05:46.3 (3253238)|EXECUTION_STARTED
23:05:46.3 (3258393)|CODE_UNIT_STARTED|[EXTERNAL]|execute_anonymous_apex
23:05:46.3 (3459406)|HEAP_ALLOCATE|[79]|Bytes:3
23:05:46.3 (3498810)|HEAP_ALLOCATE|[84]|Bytes:152
23:05:46.3 (3513236)|HEAP_ALLOCATE|[399]|Bytes:408
23:05:46.3 (3526707)|HEAP_ALLOCATE|[412]|Bytes:408
23:05:46.3 (3538713)|HEAP_ALLOCATE|[520]|Bytes:48
23:05:46.3 (3560470)|HEAP_ALLOCATE|[139]|Bytes:6
23:05:46.3 (3573229)|HEAP_ALLOCATE|[EXTERNAL]|Bytes:1
23:05:46.3 (3635947)|STATEMENT_EXECUTE|[1]
23:05:46.3 (3638431)|STATEMENT_EXECUTE|[1]
23:05:46.3 (3680516)|HEAP_ALLOCATE|[52]|Bytes:5
23:05:46.3 (3702415)|HEAP_ALLOCATE|[58]|Bytes:5
23:05:46.3 (3709005)|HEAP_ALLOCATE|[66]|Bytes:7
23:05:46.3 (3728118)|SYSTEM_MODE_ENTER|false
23:05:46.3 (3746046)|HEAP_ALLOCATE|[1]|Bytes:5
23:05:46.3 (18198885)|HEAP_ALLOCATE|[1]|Bytes:12
23:05:46.3 (18218181)|HEAP_ALLOCATE|[1]|Bytes:1
23:05:46.3 (18240351)|METHOD_ENTRY|[1]|01pIY000001AhCh|LadderGame.LadderGame()
23:05:46.3 (18248073)|STATEMENT_EXECUTE|[1]
23:05:46.3 (18253738)|STATEMENT_EXECUTE|[1]
23:05:46.3 (18255519)|STATEMENT_EXECUTE|[10]
23:05:46.3 (18262933)|METHOD_EXIT|[1]|LadderGame
23:05:46.3 (18291139)|METHOD_ENTRY|[1]|01pIY000001AhCh|LadderGame.start()
23:05:46.3 (18340440)|STATEMENT_EXECUTE|[3]
23:05:46.3 (18342728)|STATEMENT_EXECUTE|[4]
23:05:46.3 (18812319)|HEAP_ALLOCATE|[4]|Bytes:11
23:05:46.3 (18824008)|HEAP_ALLOCATE|[4]|Bytes:29
23:05:46.3 (18917642)|HEAP_ALLOCATE|[4]|Bytes:16
23:05:46.3 (18940674)|CONSTRUCTOR_ENTRY|[4]|01pIY000001AhCh|<init>()|LadderGame.SnakeNLadder
23:05:46.3 (18984350)|VARIABLE_SCOPE_BEGIN|[10]|this|LadderGame.SnakeNLadder|true|false
23:05:46.3 (19057589)|VARIABLE_ASSIGNMENT|[10]|this|{}|0x59453d53
23:05:46.3 (19071733)|HEAP_ALLOCATE|[12]|Bytes:6
23:05:46.3 (20952086)|STATEMENT_EXECUTE|[10]
23:05:46.3 (20971851)|STATEMENT_EXECUTE|[12]
23:05:46.3 (20983113)|HEAP_ALLOCATE|[12]|Bytes:4
23:05:46.3 (21004991)|VARIABLE_ASSIGNMENT|[12]|this.WinPoint|25|0x59453d53
23:05:46.3 (21010586)|STATEMENT_EXECUTE|[14]
23:05:46.3 (21030773)|HEAP_ALLOCATE|[14]|Bytes:4
23:05:46.3 (21075722)|VARIABLE_ASSIGNMENT|[14]|this.snake|{}|0x59453d53
23:05:46.3 (21082323)|STATEMENT_EXECUTE|[15]
23:05:46.3 (21090448)|HEAP_ALLOCATE|[15]|Bytes:4
23:05:46.3 (21100560)|VARIABLE_ASSIGNMENT|[15]|this.ladder|{}|0x59453d53
23:05:46.3 (21105312)|STATEMENT_EXECUTE|[16]
23:05:46.3 (21107195)|STATEMENT_EXECUTE|[17]
23:05:46.3 (21187411)|HEAP_ALLOCATE|[17]|Bytes:4
23:05:46.3 (21192525)|HEAP_ALLOCATE|[17]|Bytes:4
23:05:46.3 (21218072)|HEAP_ALLOCATE|[EXTERNAL]|Bytes:-4
23:05:46.3 (21230588)|STATEMENT_EXECUTE|[18]
23:05:46.3 (21250519)|HEAP_ALLOCATE|[18]|Bytes:4
23:05:46.3 (21253958)|HEAP_ALLOCATE|[18]|Bytes:4
23:05:46.3 (21259605)|HEAP_ALLOCATE|[EXTERNAL]|Bytes:-4
23:05:46.3 (21268774)|STATEMENT_EXECUTE|[19]
23:05:46.3 (21283804)|HEAP_ALLOCATE|[19]|Bytes:4
23:05:46.3 (21287184)|HEAP_ALLOCATE|[19]|Bytes:4
23:05:46.3 (21290503)|HEAP_ALLOCATE|[EXTERNAL]|Bytes:-4
23:05:46.3 (21296012)|STATEMENT_EXECUTE|[20]
23:05:46.3 (21307619)|HEAP_ALLOCATE|[20]|Bytes:4
23:05:46.3 (21310810)|HEAP_ALLOCATE|[20]|Bytes:4
23:05:46.3 (21314009)|HEAP_ALLOCATE|[EXTERNAL]|Bytes:-4
23:05:46.3 (21322724)|STATEMENT_EXECUTE|[22]
23:05:46.3 (21338240)|HEAP_ALLOCATE|[22]|Bytes:4
23:05:46.3 (21341628)|HEAP_ALLOCATE|[22]|Bytes:4
23:05:46.3 (21344989)|HEAP_ALLOCATE|[EXTERNAL]|Bytes:-4
23:05:46.3 (21350406)|STATEMENT_EXECUTE|[23]
23:05:46.3 (21361646)|HEAP_ALLOCATE|[23]|Bytes:4
23:05:46.3 (21364940)|HEAP_ALLOCATE|[23]|Bytes:4
23:05:46.3 (21368301)|HEAP_ALLOCATE|[EXTERNAL]|Bytes:-4
23:05:46.3 (21373821)|STATEMENT_EXECUTE|[24]
23:05:46.3 (21392510)|HEAP_ALLOCATE|[24]|Bytes:4
23:05:46.3 (21395841)|HEAP_ALLOCATE|[24]|Bytes:4
23:05:46.3 (21398930)|HEAP_ALLOCATE|[EXTERNAL]|Bytes:-4
23:05:46.3 (21404460)|STATEMENT_EXECUTE|[25]
23:05:46.3 (21416267)|HEAP_ALLOCATE|[25]|Bytes:4
23:05:46.3 (21419445)|HEAP_ALLOCATE|[25]|Bytes:4
23:05:46.3 (21422460)|HEAP_ALLOCATE|[EXTERNAL]|Bytes:-4
23:05:46.3 (21431327)|CONSTRUCTOR_EXIT|[4]|01pIY000001AhCh|<init>()|LadderGame.SnakeNLadder
23:05:46.3 (21442364)|VARIABLE_SCOPE_BEGIN|[4]|game|LadderGame.SnakeNLadder|true|false
23:05:46.3 (21487003)|VARIABLE_ASSIGNMENT|[4]|game|{"ladder":"0xc6ee890","snake":"0x7a26460b","WinPoint":25}|0x59453d53
23:05:46.3 (21493092)|STATEMENT_EXECUTE|[5]
23:05:46.3 (21529915)|METHOD_ENTRY|[5]|01pIY000001AhCh|LadderGame.SnakeNLadder.startGame()
23:05:46.3 (21549127)|VARIABLE_SCOPE_BEGIN|[62]|this|LadderGame.SnakeNLadder|true|false
23:05:46.3 (21576028)|VARIABLE_ASSIGNMENT|[62]|this|{"ladder":"0xc6ee890","snake":"0x7a26460b","WinPoint":25}|0x59453d53
23:05:46.3 (21583955)|STATEMENT_EXECUTE|[62]
23:05:46.3 (21585941)|STATEMENT_EXECUTE|[63]
23:05:46.3 (21590978)|VARIABLE_SCOPE_BEGIN|[63]|player1Position|Integer|false|false
23:05:46.3 (21597908)|HEAP_ALLOCATE|[63]|Bytes:4
23:05:46.3 (21604416)|VARIABLE_ASSIGNMENT|[63]|player1Position|0
23:05:46.3 (21608275)|STATEMENT_EXECUTE|[63]
23:05:46.3 (21611290)|VARIABLE_SCOPE_BEGIN|[63]|player2Position|Integer|false|false
23:05:46.3 (21620693)|HEAP_ALLOCATE|[63]|Bytes:4
23:05:46.3 (21627838)|VARIABLE_ASSIGNMENT|[63]|player2Position|0
23:05:46.3 (21631708)|STATEMENT_EXECUTE|[64]
23:05:46.3 (21635496)|VARIABLE_SCOPE_BEGIN|[64]|currentPlayer|Integer|false|false
23:05:46.3 (21640739)|HEAP_ALLOCATE|[64]|Bytes:4
23:05:46.3 (21645832)|VARIABLE_ASSIGNMENT|[64]|currentPlayer|-1
23:05:46.3 (21649530)|STATEMENT_EXECUTE|[65]
23:05:46.3 (21653602)|VARIABLE_SCOPE_BEGIN|[65]|nPressed|Boolean|false|false
23:05:46.3 (21667346)|HEAP_ALLOCATE|[65]|Bytes:5
23:05:46.3 (21677762)|VARIABLE_ASSIGNMENT|[65]|nPressed|true
23:05:46.3 (21683536)|STATEMENT_EXECUTE|[66]
23:05:46.3 (21686442)|VARIABLE_SCOPE_BEGIN|[66]|diceValue|Integer|false|false
23:05:46.3 (21692362)|HEAP_ALLOCATE|[66]|Bytes:4
23:05:46.3 (21697556)|VARIABLE_ASSIGNMENT|[66]|diceValue|0
23:05:46.3 (21701459)|STATEMENT_EXECUTE|[69]
23:05:46.3 (21703249)|STATEMENT_EXECUTE|[70]
23:05:46.3 (21711014)|HEAP_ALLOCATE|[70]|Bytes:24
23:05:46.3 (21754383)|USER_DEBUG|[70]|DEBUG|
Turno de primer jugador
23:05:46.3 (21764319)|STATEMENT_EXECUTE|[71]
23:05:46.3 (21766886)|HEAP_ALLOCATE|[71]|Bytes:23
23:05:46.3 (21777529)|USER_DEBUG|[71]|DEBUG|Jugador lanza los dados
23:05:46.3 (21784393)|STATEMENT_EXECUTE|[72]
23:05:46.3 (21794290)|METHOD_ENTRY|[72]|01pIY000001AhCh|LadderGame.SnakeNLadder.rollDice()
23:05:46.3 (21807016)|VARIABLE_SCOPE_BEGIN|[28]|this|LadderGame.SnakeNLadder|true|false
23:05:46.3 (21828003)|VARIABLE_ASSIGNMENT|[28]|this|{"ladder":"0xc6ee890","snake":"0x7a26460b","WinPoint":25}|0x59453d53
23:05:46.3 (21835153)|STATEMENT_EXECUTE|[28]
23:05:46.3 (21837417)|STATEMENT_EXECUTE|[29]
23:05:46.3 (21875063)|VARIABLE_SCOPE_BEGIN|[2]|System.Math.E|Double|false|true
23:05:46.3 (21882004)|VARIABLE_SCOPE_BEGIN|[3]|System.Math.PI|Double|false|true
23:05:46.3 (21894764)|HEAP_ALLOCATE|[29]|Bytes:206
23:05:46.3 (21908192)|SYSTEM_METHOD_ENTRY|[1]|Math.Math()
23:05:46.3 (21913493)|STATEMENT_EXECUTE|[1]
23:05:46.3 (21993333)|SYSTEM_METHOD_EXIT|[1]|Math
23:05:46.3 (22004624)|METHOD_ENTRY|[29]||System.Math.random()
23:05:46.3 (22034341)|METHOD_EXIT|[29]||System.Math.random()
23:05:46.3 (22097719)|VARIABLE_SCOPE_BEGIN|[29]|dice|Integer|false|false
23:05:46.3 (22105513)|HEAP_ALLOCATE|[29]|Bytes:4
23:05:46.3 (22113968)|VARIABLE_ASSIGNMENT|[29]|dice|2
23:05:46.3 (22118464)|STATEMENT_EXECUTE|[30]
23:05:46.3 (22155197)|USER_DEBUG|[30]|DEBUG|2
23:05:46.3 (22163412)|STATEMENT_EXECUTE|[31]
23:05:46.3 (22167645)|METHOD_EXIT|[72]|01pIY000001AhCh|LadderGame.SnakeNLadder.rollDice()
23:05:46.3 (22172676)|HEAP_ALLOCATE|[72]|Bytes:4
23:05:46.3 (22179111)|VARIABLE_ASSIGNMENT|[72]|diceValue|2
23:05:46.3 (22185618)|STATEMENT_EXECUTE|[76]
23:05:46.3 (22187589)|STATEMENT_EXECUTE|[77]
23:05:46.3 (22202350)|METHOD_ENTRY|[77]|01pIY000001AhCh|LadderGame.SnakeNLadder.PlayerValueDice(Integer, Integer)
23:05:46.3 (22217918)|VARIABLE_SCOPE_BEGIN|[35]|this|LadderGame.SnakeNLadder|true|false
23:05:46.3 (22256225)|VARIABLE_ASSIGNMENT|[35]|this|{"ladder":"0xc6ee890","snake":"0x7a26460b","WinPoint":25}|0x59453d53
23:05:46.3 (22264659)|VARIABLE_SCOPE_BEGIN|[35]|playerPosition|Integer|false|false
23:05:46.3 (22287844)|VARIABLE_ASSIGNMENT|[35]|playerPosition|0
23:05:46.3 (22294582)|VARIABLE_SCOPE_BEGIN|[35]|dice|Integer|false|false
23:05:46.3 (22308389)|VARIABLE_ASSIGNMENT|[35]|dice|2
23:05:46.3 (22315737)|STATEMENT_EXECUTE|[35]
23:05:46.3 (22318409)|STATEMENT_EXECUTE|[37]
23:05:46.3 (22323998)|VARIABLE_SCOPE_BEGIN|[37]|playerNewPosition|Integer|false|false
23:05:46.3 (22332437)|HEAP_ALLOCATE|[37]|Bytes:4
23:05:46.3 (22340630)|VARIABLE_ASSIGNMENT|[37]|playerNewPosition|2
23:05:46.3 (22351923)|STATEMENT_EXECUTE|[39]
23:05:46.3 (22389022)|HEAP_ALLOCATE|[42]|Bytes:4
23:05:46.3 (22408231)|STATEMENT_EXECUTE|[42]
23:05:46.3 (22426050)|HEAP_ALLOCATE|[47]|Bytes:4
23:05:46.3 (22435178)|STATEMENT_EXECUTE|[47]
23:05:46.3 (22437299)|STATEMENT_EXECUTE|[52]
23:05:46.3 (22442455)|METHOD_EXIT|[77]|01pIY000001AhCh|LadderGame.SnakeNLadder.PlayerValueDice(Integer, Integer)
23:05:46.3 (22447379)|HEAP_ALLOCATE|[77]|Bytes:4
23:05:46.3 (22454267)|VARIABLE_ASSIGNMENT|[77]|player1Position|2
23:05:46.3 (22458274)|STATEMENT_EXECUTE|[78]
23:05:46.3 (22463301)|HEAP_ALLOCATE|[78]|Bytes:29
23:05:46.3 (22501020)|HEAP_ALLOCATE|[78]|Bytes:1
23:05:46.3 (22516434)|HEAP_ALLOCATE|[78]|Bytes:30
23:05:46.3 (22527850)|USER_DEBUG|[78]|DEBUG|Posición del primer jugador: 2
23:05:46.3 (22536038)|STATEMENT_EXECUTE|[79]
23:05:46.3 (22538498)|HEAP_ALLOCATE|[79]|Bytes:30
23:05:46.3 (22552527)|HEAP_ALLOCATE|[79]|Bytes:1
23:05:46.3 (22561268)|HEAP_ALLOCATE|[79]|Bytes:31
23:05:46.3 (22568038)|USER_DEBUG|[79]|DEBUG|Posición del segundo jugador: 0
23:05:46.3 (22580442)|METHOD_ENTRY|[81]|01pIY000001AhCh|LadderGame.SnakeNLadder.check_Win(Integer)
23:05:46.3 (22590536)|VARIABLE_SCOPE_BEGIN|[56]|this|LadderGame.SnakeNLadder|true|false
23:05:46.3 (22617805)|VARIABLE_ASSIGNMENT|[56]|this|{"ladder":"0xc6ee890","snake":"0x7a26460b","WinPoint":25}|0x59453d53
23:05:46.3 (22623914)|VARIABLE_SCOPE_BEGIN|[56]|playerPosition|Integer|false|false
23:05:46.3 (22631005)|VARIABLE_ASSIGNMENT|[56]|playerPosition|2
23:05:46.3 (22637016)|STATEMENT_EXECUTE|[56]
23:05:46.3 (22639885)|STATEMENT_EXECUTE|[57]
23:05:46.3 (22649639)|METHOD_EXIT|[81]|01pIY000001AhCh|LadderGame.SnakeNLadder.check_Win(Integer)
23:05:46.3 (22657580)|STATEMENT_EXECUTE|[81]
23:05:46.3 (22660067)|STATEMENT_EXECUTE|[97]
23:05:46.3 (22663610)|HEAP_ALLOCATE|[97]|Bytes:4
23:05:46.3 (22669755)|VARIABLE_ASSIGNMENT|[97]|currentPlayer|1
23:05:46.3 (22679440)|HEAP_ALLOCATE|[98]|Bytes:5
23:05:46.3 (22686030)|VARIABLE_ASSIGNMENT|[98]|nPressed|true
23:05:46.3 (22691593)|STATEMENT_EXECUTE|[69]
23:05:46.3 (22693955)|STATEMENT_EXECUTE|[70]
23:05:46.3 (22727858)|HEAP_ALLOCATE|[70]|Bytes:25
23:05:46.3 (22738373)|USER_DEBUG|[70]|DEBUG|
Turno de segundo jugador
23:05:46.3 (22745565)|STATEMENT_EXECUTE|[71]
23:05:46.3 (22750682)|USER_DEBUG|[71]|DEBUG|Jugador lanza los dados
23:05:46.3 (22758683)|STATEMENT_EXECUTE|[72]
23:05:46.3 (22765396)|METHOD_ENTRY|[72]|01pIY000001AhCh|LadderGame.SnakeNLadder.rollDice()
23:05:46.3 (22772842)|VARIABLE_SCOPE_BEGIN|[28]|this|LadderGame.SnakeNLadder|true|false
23:05:46.3 (22795958)|VARIABLE_ASSIGNMENT|[28]|this|{"ladder":"0xc6ee890","snake":"0x7a26460b","WinPoint":25}|0x59453d53
23:05:46.3 (22802182)|STATEMENT_EXECUTE|[28]
23:05:46.3 (22804163)|STATEMENT_EXECUTE|[29]
23:05:46.3 (22809053)|METHOD_ENTRY|[29]||System.Math.random()
23:05:46.3 (22826389)|METHOD_EXIT|[29]||System.Math.random()
23:05:46.3 (22851834)|VARIABLE_SCOPE_BEGIN|[29]|dice|Integer|false|false
23:05:46.3 (22858333)|HEAP_ALLOCATE|[29]|Bytes:4
23:05:46.3 (22864521)|VARIABLE_ASSIGNMENT|[29]|dice|3
23:05:46.3 (22868418)|STATEMENT_EXECUTE|[30]
23:05:46.3 (22877696)|USER_DEBUG|[30]|DEBUG|3
23:05:46.3 (22888315)|STATEMENT_EXECUTE|[31]
23:05:46.3 (22892013)|METHOD_EXIT|[72]|01pIY000001AhCh|LadderGame.SnakeNLadder.rollDice()
23:05:46.3 (22896217)|HEAP_ALLOCATE|[72]|Bytes:4
23:05:46.3 (22901787)|VARIABLE_ASSIGNMENT|[72]|diceValue|3
23:05:46.3 (22906884)|STATEMENT_EXECUTE|[86]
23:05:46.3 (22908807)|STATEMENT_EXECUTE|[87]
23:05:46.3 (22915364)|METHOD_ENTRY|[87]|01pIY000001AhCh|LadderGame.SnakeNLadder.PlayerValueDice(Integer, Integer)
23:05:46.3 (22927205)|VARIABLE_SCOPE_BEGIN|[35]|this|LadderGame.SnakeNLadder|true|false
23:05:46.3 (22952552)|VARIABLE_ASSIGNMENT|[35]|this|{"ladder":"0xc6ee890","snake":"0x7a26460b","WinPoint":25}|0x59453d53
23:05:46.3 (22957755)|VARIABLE_SCOPE_BEGIN|[35]|playerPosition|Integer|false|false
23:05:46.3 (22965327)|VARIABLE_ASSIGNMENT|[35]|playerPosition|0
23:05:46.3 (22969201)|VARIABLE_SCOPE_BEGIN|[35]|dice|Integer|false|false
23:05:46.3 (22976116)|VARIABLE_ASSIGNMENT|[35]|dice|3
23:05:46.3 (22981069)|STATEMENT_EXECUTE|[35]
23:05:46.3 (22982921)|STATEMENT_EXECUTE|[37]
23:05:46.3 (22986416)|VARIABLE_SCOPE_BEGIN|[37]|playerNewPosition|Integer|false|false
23:05:46.3 (22992410)|HEAP_ALLOCATE|[37]|Bytes:4
23:05:46.3 (23000955)|VARIABLE_ASSIGNMENT|[37]|playerNewPosition|3
23:05:46.3 (23009939)|STATEMENT_EXECUTE|[39]
23:05:46.3 (23017574)|HEAP_ALLOCATE|[42]|Bytes:4
23:05:46.3 (23026162)|STATEMENT_EXECUTE|[42]
23:05:46.3 (23030868)|HEAP_ALLOCATE|[47]|Bytes:4
23:05:46.3 (23037704)|STATEMENT_EXECUTE|[47]
23:05:46.3 (23039689)|STATEMENT_EXECUTE|[48]
23:05:46.3 (23043618)|HEAP_ALLOCATE|[48]|Bytes:35
23:05:46.3 (23066692)|USER_DEBUG|[48]|DEBUG|Muy bien!, encontraste una escalera
23:05:46.3 (23073968)|STATEMENT_EXECUTE|[49]
23:05:46.3 (23093769)|HEAP_ALLOCATE|[49]|Bytes:4
23:05:46.3 (23104060)|VARIABLE_ASSIGNMENT|[49]|playerNewPosition|11
23:05:46.3 (23108889)|STATEMENT_EXECUTE|[52]
23:05:46.3 (23114573)|METHOD_EXIT|[87]|01pIY000001AhCh|LadderGame.SnakeNLadder.PlayerValueDice(Integer, Integer)
23:05:46.3 (23124762)|VARIABLE_ASSIGNMENT|[87]|player2Position|11
23:05:46.3 (23129238)|STATEMENT_EXECUTE|[88]
23:05:46.3 (23148677)|HEAP_ALLOCATE|[88]|Bytes:1
23:05:46.3 (23159987)|HEAP_ALLOCATE|[88]|Bytes:30
23:05:46.3 (23168110)|USER_DEBUG|[88]|DEBUG|Posición del primer jugador: 2
23:05:46.3 (23179069)|STATEMENT_EXECUTE|[89]
23:05:46.3 (23193720)|HEAP_ALLOCATE|[89]|Bytes:2
23:05:46.3 (23202583)|HEAP_ALLOCATE|[89]|Bytes:32
23:05:46.3 (23209240)|USER_DEBUG|[89]|DEBUG|Posición del segundo jugador: 11
23:05:46.3 (23219028)|METHOD_ENTRY|[91]|01pIY000001AhCh|LadderGame.SnakeNLadder.check_Win(Integer)
23:05:46.3 (23256617)|VARIABLE_SCOPE_BEGIN|[56]|this|LadderGame.SnakeNLadder|true|false
23:05:46.3 (23283516)|VARIABLE_ASSIGNMENT|[56]|this|{"ladder":"0xc6ee890","snake":"0x7a26460b","WinPoint":25}|0x59453d53
23:05:46.3 (23291288)|VARIABLE_SCOPE_BEGIN|[56]|playerPosition|Integer|false|false
23:05:46.3 (23303151)|VARIABLE_ASSIGNMENT|[56]|playerPosition|11
23:05:46.3 (23309470)|STATEMENT_EXECUTE|[56]
23:05:46.3 (23311410)|STATEMENT_EXECUTE|[57]
23:05:46.3 (23318877)|METHOD_EXIT|[91]|01pIY000001AhCh|LadderGame.SnakeNLadder.check_Win(Integer)
23:05:46.3 (23324389)|STATEMENT_EXECUTE|[91]
23:05:46.3 (23326217)|STATEMENT_EXECUTE|[97]
23:05:46.3 (23329560)|HEAP_ALLOCATE|[97]|Bytes:4
23:05:46.3 (23335709)|VARIABLE_ASSIGNMENT|[97]|currentPlayer|-1
23:05:46.3 (23344194)|HEAP_ALLOCATE|[98]|Bytes:5
23:05:46.3 (23353446)|VARIABLE_ASSIGNMENT|[98]|nPressed|true
23:05:46.3 (23360616)|STATEMENT_EXECUTE|[69]
23:05:46.3 (23363286)|STATEMENT_EXECUTE|[70]
23:05:46.3 (23371524)|USER_DEBUG|[70]|DEBUG|
Turno de primer jugador
23:05:46.3 (23378039)|STATEMENT_EXECUTE|[71]
23:05:46.3 (23383032)|USER_DEBUG|[71]|DEBUG|Jugador lanza los dados
23:05:46.3 (23388586)|STATEMENT_EXECUTE|[72]
23:05:46.3 (23392511)|METHOD_ENTRY|[72]|01pIY000001AhCh|LadderGame.SnakeNLadder.rollDice()
23:05:46.3 (23397008)|VARIABLE_SCOPE_BEGIN|[28]|this|LadderGame.SnakeNLadder|true|false
23:05:46.3 (23418249)|VARIABLE_ASSIGNMENT|[28]|this|{"ladder":"0xc6ee890","snake":"0x7a26460b","WinPoint":25}|0x59453d53
23:05:46.3 (23424747)|STATEMENT_EXECUTE|[28]
23:05:46.3 (23426561)|STATEMENT_EXECUTE|[29]
23:05:46.3 (23430629)|METHOD_ENTRY|[29]||System.Math.random()
23:05:46.3 (23442566)|METHOD_EXIT|[29]||System.Math.random()
23:05:46.3 (23463295)|VARIABLE_SCOPE_BEGIN|[29]|dice|Integer|false|false
23:05:46.3 (23473080)|HEAP_ALLOCATE|[29]|Bytes:4
23:05:46.3 (23480950)|VARIABLE_ASSIGNMENT|[29]|dice|5
23:05:46.3 (23484892)|STATEMENT_EXECUTE|[30]
23:05:46.3 (23491259)|USER_DEBUG|[30]|DEBUG|5
23:05:46.3 (23497298)|STATEMENT_EXECUTE|[31]
23:05:46.3 (23500311)|METHOD_EXIT|[72]|01pIY000001AhCh|LadderGame.SnakeNLadder.rollDice()
23:05:46.3 (23504591)|HEAP_ALLOCATE|[72]|Bytes:4
23:05:46.3 (23509659)|VARIABLE_ASSIGNMENT|[72]|diceValue|5
23:05:46.3 (23514288)|STATEMENT_EXECUTE|[76]
23:05:46.3 (23516157)|STATEMENT_EXECUTE|[77]
23:05:46.3 (23520615)|METHOD_ENTRY|[77]|01pIY000001AhCh|LadderGame.SnakeNLadder.PlayerValueDice(Integer, Integer)
23:05:46.3 (23527662)|VARIABLE_SCOPE_BEGIN|[35]|this|LadderGame.SnakeNLadder|true|false
23:05:46.3 (23548237)|VARIABLE_ASSIGNMENT|[35]|this|{"ladder":"0xc6ee890","snake":"0x7a26460b","WinPoint":25}|0x59453d53
23:05:46.3 (23553272)|VARIABLE_SCOPE_BEGIN|[35]|playerPosition|Integer|false|false
23:05:46.3 (23560518)|VARIABLE_ASSIGNMENT|[35]|playerPosition|2
23:05:46.3 (23564281)|VARIABLE_SCOPE_BEGIN|[35]|dice|Integer|false|false
23:05:46.3 (23571082)|VARIABLE_ASSIGNMENT|[35]|dice|5
23:05:46.3 (23575677)|STATEMENT_EXECUTE|[35]
23:05:46.3 (23577468)|STATEMENT_EXECUTE|[37]
23:05:46.3 (23581002)|VARIABLE_SCOPE_BEGIN|[37]|playerNewPosition|Integer|false|false
23:05:46.3 (23590814)|HEAP_ALLOCATE|[37]|Bytes:4
23:05:46.3 (23598215)|VARIABLE_ASSIGNMENT|[37]|playerNewPosition|7
23:05:46.3 (23603637)|STATEMENT_EXECUTE|[39]
23:05:46.3 (23609832)|HEAP_ALLOCATE|[42]|Bytes:4
23:05:46.3 (23617443)|STATEMENT_EXECUTE|[42]
23:05:46.3 (23621892)|HEAP_ALLOCATE|[47]|Bytes:4
23:05:46.3 (23627929)|STATEMENT_EXECUTE|[47]
23:05:46.3 (23629730)|STATEMENT_EXECUTE|[52]
23:05:46.3 (23633233)|METHOD_EXIT|[77]|01pIY000001AhCh|LadderGame.SnakeNLadder.PlayerValueDice(Integer, Integer)
23:05:46.3 (23637554)|HEAP_ALLOCATE|[77]|Bytes:4
23:05:46.3 (23645070)|VARIABLE_ASSIGNMENT|[77]|player1Position|7
23:05:46.3 (23651508)|STATEMENT_EXECUTE|[78]
23:05:46.3 (23663181)|HEAP_ALLOCATE|[78]|Bytes:1
23:05:46.3 (23673669)|HEAP_ALLOCATE|[78]|Bytes:30
23:05:46.3 (23680225)|USER_DEBUG|[78]|DEBUG|Posición del primer jugador: 7
23:05:46.3 (23690753)|STATEMENT_EXECUTE|[79]
23:05:46.3 (23698058)|HEAP_ALLOCATE|[79]|Bytes:2
23:05:46.3 (23711420)|HEAP_ALLOCATE|[79]|Bytes:32
23:05:46.3 (23719062)|USER_DEBUG|[79]|DEBUG|Posición del segundo jugador: 11
23:05:46.3 (23727535)|METHOD_ENTRY|[81]|01pIY000001AhCh|LadderGame.SnakeNLadder.check_Win(Integer)
23:05:46.3 (23732352)|VARIABLE_SCOPE_BEGIN|[56]|this|LadderGame.SnakeNLadder|true|false
23:05:46.3 (23750013)|VARIABLE_ASSIGNMENT|[56]|this|{"ladder":"0xc6ee890","snake":"0x7a26460b","WinPoint":25}|0x59453d53
23:05:46.3 (23754901)|VARIABLE_SCOPE_BEGIN|[56]|playerPosition|Integer|false|false
23:05:46.3 (23765040)|VARIABLE_ASSIGNMENT|[56]|playerPosition|7
23:05:46.3 (23772260)|STATEMENT_EXECUTE|[56]
23:05:46.3 (23774845)|STATEMENT_EXECUTE|[57]
23:05:46.3 (23779961)|METHOD_EXIT|[81]|01pIY000001AhCh|LadderGame.SnakeNLadder.check_Win(Integer)
23:05:46.3 (23784513)|STATEMENT_EXECUTE|[81]
23:05:46.3 (23786690)|STATEMENT_EXECUTE|[97]
23:05:46.3 (23789352)|HEAP_ALLOCATE|[97]|Bytes:4
23:05:46.3 (23806726)|VARIABLE_ASSIGNMENT|[97]|currentPlayer|1
23:05:46.3 (23813316)|HEAP_ALLOCATE|[98]|Bytes:5
23:05:46.3 (23820581)|VARIABLE_ASSIGNMENT|[98]|nPressed|true
23:05:46.3 (23826803)|STATEMENT_EXECUTE|[69]
23:05:46.3 (23829365)|STATEMENT_EXECUTE|[70]
23:05:46.3 (23863916)|USER_DEBUG|[70]|DEBUG|
Turno de segundo jugador
23:05:46.3 (23871685)|STATEMENT_EXECUTE|[71]
23:05:46.3 (23878332)|USER_DEBUG|[71]|DEBUG|Jugador lanza los dados
23:05:46.3 (23888610)|STATEMENT_EXECUTE|[72]
23:05:46.3 (23893222)|METHOD_ENTRY|[72]|01pIY000001AhCh|LadderGame.SnakeNLadder.rollDice()
23:05:46.3 (23897935)|VARIABLE_SCOPE_BEGIN|[28]|this|LadderGame.SnakeNLadder|true|false
23:05:46.3 (23916278)|VARIABLE_ASSIGNMENT|[28]|this|{"ladder":"0xc6ee890","snake":"0x7a26460b","WinPoint":25}|0x59453d53
23:05:46.3 (23921318)|STATEMENT_EXECUTE|[28]
23:05:46.3 (23923155)|STATEMENT_EXECUTE|[29]
23:05:46.3 (23926722)|METHOD_ENTRY|[29]||System.Math.random()
23:05:46.3 (23940082)|METHOD_EXIT|[29]||System.Math.random()
23:05:46.3 (23961840)|VARIABLE_SCOPE_BEGIN|[29]|dice|Integer|false|false
23:05:46.3 (23967759)|HEAP_ALLOCATE|[29]|Bytes:4
23:05:46.3 (23973310)|VARIABLE_ASSIGNMENT|[29]|dice|4
23:05:46.3 (23976964)|STATEMENT_EXECUTE|[30]
23:05:46.3 (23982673)|USER_DEBUG|[30]|DEBUG|4
23:05:46.3 (23988333)|STATEMENT_EXECUTE|[31]
23:05:46.3 (23991132)|METHOD_EXIT|[72]|01pIY000001AhCh|LadderGame.SnakeNLadder.rollDice()
23:05:46.3 (23997232)|HEAP_ALLOCATE|[72]|Bytes:4
23:05:46.3 (24004745)|VARIABLE_ASSIGNMENT|[72]|diceValue|4
23:05:46.3 (24011885)|STATEMENT_EXECUTE|[86]
23:05:46.3 (24013745)|STATEMENT_EXECUTE|[87]
23:05:46.3 (24018428)|METHOD_ENTRY|[87]|01pIY000001AhCh|LadderGame.SnakeNLadder.PlayerValueDice(Integer, Integer)
23:05:46.3 (24022657)|VARIABLE_SCOPE_BEGIN|[35]|this|LadderGame.SnakeNLadder|true|false
23:05:46.3 (24038378)|VARIABLE_ASSIGNMENT|[35]|this|{"ladder":"0xc6ee890","snake":"0x7a26460b","WinPoint":25}|0x59453d53
23:05:46.3 (24043288)|VARIABLE_SCOPE_BEGIN|[35]|playerPosition|Integer|false|false
23:05:46.3 (24050173)|VARIABLE_ASSIGNMENT|[35]|playerPosition|11
23:05:46.3 (24056345)|VARIABLE_SCOPE_BEGIN|[35]|dice|Integer|false|false
23:05:46.3 (24067875)|VARIABLE_ASSIGNMENT|[35]|dice|4
23:05:46.3 (24072516)|STATEMENT_EXECUTE|[35]
23:05:46.3 (24074305)|STATEMENT_EXECUTE|[37]
23:05:46.3 (24077376)|VARIABLE_SCOPE_BEGIN|[37]|playerNewPosition|Integer|false|false
23:05:46.3 (24082451)|HEAP_ALLOCATE|[37]|Bytes:4
23:05:46.3 (24087792)|VARIABLE_ASSIGNMENT|[37]|playerNewPosition|15
23:05:46.3 (24092451)|STATEMENT_EXECUTE|[39]
23:05:46.3 (24098715)|HEAP_ALLOCATE|[42]|Bytes:4
23:05:46.3 (24106457)|STATEMENT_EXECUTE|[42]
23:05:46.3 (24112284)|HEAP_ALLOCATE|[47]|Bytes:4
23:05:46.3 (24120790)|STATEMENT_EXECUTE|[47]
23:05:46.3 (24123291)|STATEMENT_EXECUTE|[52]
23:05:46.3 (24127362)|METHOD_EXIT|[87]|01pIY000001AhCh|LadderGame.SnakeNLadder.PlayerValueDice(Integer, Integer)
23:05:46.3 (24131480)|HEAP_ALLOCATE|[87]|Bytes:4
23:05:46.3 (24136577)|VARIABLE_ASSIGNMENT|[87]|player2Position|15
23:05:46.3 (24140109)|STATEMENT_EXECUTE|[88]
23:05:46.3 (24150046)|HEAP_ALLOCATE|[88]|Bytes:1
23:05:46.3 (24160044)|HEAP_ALLOCATE|[88]|Bytes:30
23:05:46.3 (24166320)|USER_DEBUG|[88]|DEBUG|Posición del primer jugador: 7
23:05:46.3 (24175788)|STATEMENT_EXECUTE|[89]
23:05:46.3 (24185909)|HEAP_ALLOCATE|[89]|Bytes:2
23:05:46.3 (24193768)|HEAP_ALLOCATE|[89]|Bytes:32
23:05:46.3 (24199300)|USER_DEBUG|[89]|DEBUG|Posición del segundo jugador: 15
23:05:46.3 (24207515)|METHOD_ENTRY|[91]|01pIY000001AhCh|LadderGame.SnakeNLadder.check_Win(Integer)
23:05:46.3 (24212039)|VARIABLE_SCOPE_BEGIN|[56]|this|LadderGame.SnakeNLadder|true|false
23:05:46.3 (24230713)|VARIABLE_ASSIGNMENT|[56]|this|{"ladder":"0xc6ee890","snake":"0x7a26460b","WinPoint":25}|0x59453d53
23:05:46.3 (24238180)|VARIABLE_SCOPE_BEGIN|[56]|playerPosition|Integer|false|false
23:05:46.3 (24247444)|VARIABLE_ASSIGNMENT|[56]|playerPosition|15
23:05:46.3 (24251773)|STATEMENT_EXECUTE|[56]
23:05:46.3 (24253469)|STATEMENT_EXECUTE|[57]
23:05:46.3 (24258949)|METHOD_EXIT|[91]|01pIY000001AhCh|LadderGame.SnakeNLadder.check_Win(Integer)
23:05:46.3 (24263918)|STATEMENT_EXECUTE|[91]
23:05:46.3 (24265642)|STATEMENT_EXECUTE|[97]
23:05:46.3 (24268344)|HEAP_ALLOCATE|[97]|Bytes:4
23:05:46.3 (24273730)|VARIABLE_ASSIGNMENT|[97]|currentPlayer|-1
23:05:46.3 (24280138)|HEAP_ALLOCATE|[98]|Bytes:5
23:05:46.3 (24286326)|VARIABLE_ASSIGNMENT|[98]|nPressed|true
23:05:46.3 (24293524)|STATEMENT_EXECUTE|[69]
23:05:46.3 (24296109)|STATEMENT_EXECUTE|[70]
23:05:46.3 (24303656)|USER_DEBUG|[70]|DEBUG|
Turno de primer jugador
23:05:46.3 (24309551)|STATEMENT_EXECUTE|[71]
23:05:46.3 (24313927)|USER_DEBUG|[71]|DEBUG|Jugador lanza los dados
23:05:46.3 (24319561)|STATEMENT_EXECUTE|[72]
23:05:46.3 (24322696)|METHOD_ENTRY|[72]|01pIY000001AhCh|LadderGame.SnakeNLadder.rollDice()
23:05:46.3 (24326780)|VARIABLE_SCOPE_BEGIN|[28]|this|LadderGame.SnakeNLadder|true|false
23:05:46.3 (24341242)|VARIABLE_ASSIGNMENT|[28]|this|{"ladder":"0xc6ee890","snake":"0x7a26460b","WinPoint":25}|0x59453d53
23:05:46.3 (24348607)|STATEMENT_EXECUTE|[28]
23:05:46.3 (24351024)|STATEMENT_EXECUTE|[29]
23:05:46.3 (24355901)|METHOD_ENTRY|[29]||System.Math.random()
23:05:46.3 (24367556)|METHOD_EXIT|[29]||System.Math.random()
23:05:46.3 (24384450)|VARIABLE_SCOPE_BEGIN|[29]|dice|Integer|false|false
23:05:46.3 (24389654)|HEAP_ALLOCATE|[29]|Bytes:4
23:05:46.3 (24395127)|VARIABLE_ASSIGNMENT|[29]|dice|1
23:05:46.3 (24398814)|STATEMENT_EXECUTE|[30]
23:05:46.3 (24405731)|USER_DEBUG|[30]|DEBUG|1
23:05:46.3 (24414244)|STATEMENT_EXECUTE|[31]
23:05:46.3 (24418175)|METHOD_EXIT|[72]|01pIY000001AhCh|LadderGame.SnakeNLadder.rollDice()
23:05:46.3 (24422915)|HEAP_ALLOCATE|[72]|Bytes:4
23:05:46.3 (24427983)|VARIABLE_ASSIGNMENT|[72]|diceValue|1
23:05:46.3 (24432284)|STATEMENT_EXECUTE|[76]
23:05:46.3 (24434116)|STATEMENT_EXECUTE|[77]
23:05:46.3 (24438159)|METHOD_ENTRY|[77]|01pIY000001AhCh|LadderGame.SnakeNLadder.PlayerValueDice(Integer, Integer)
23:05:46.3 (24442206)|VARIABLE_SCOPE_BEGIN|[35]|this|LadderGame.SnakeNLadder|true|false
23:05:46.3 (24456988)|VARIABLE_ASSIGNMENT|[35]|this|{"ladder":"0xc6ee890","snake":"0x7a26460b","WinPoint":25}|0x59453d53
23:05:46.3 (24461977)|VARIABLE_SCOPE_BEGIN|[35]|playerPosition|Integer|false|false
23:05:46.3 (24473647)|VARIABLE_ASSIGNMENT|[35]|playerPosition|7
23:05:46.3 (24478812)|VARIABLE_SCOPE_BEGIN|[35]|dice|Integer|false|false
23:05:46.3 (24485379)|VARIABLE_ASSIGNMENT|[35]|dice|1
23:05:46.3 (24489554)|STATEMENT_EXECUTE|[35]
23:05:46.3 (24491334)|STATEMENT_EXECUTE|[37]
23:05:46.3 (24494183)|VARIABLE_SCOPE_BEGIN|[37]|playerNewPosition|Integer|false|false
23:05:46.3 (24499043)|HEAP_ALLOCATE|[37]|Bytes:4
23:05:46.3 (24503922)|VARIABLE_ASSIGNMENT|[37]|playerNewPosition|8
23:05:46.3 (24508406)|STATEMENT_EXECUTE|[39]
23:05:46.3 (24514008)|HEAP_ALLOCATE|[42]|Bytes:4
23:05:46.3 (24521853)|STATEMENT_EXECUTE|[42]
23:05:46.3 (24528662)|HEAP_ALLOCATE|[47]|Bytes:4
23:05:46.3 (24536941)|STATEMENT_EXECUTE|[47]
23:05:46.3 (24538803)|STATEMENT_EXECUTE|[52]
23:05:46.3 (24542142)|METHOD_EXIT|[77]|01pIY000001AhCh|LadderGame.SnakeNLadder.PlayerValueDice(Integer, Integer)
23:05:46.3 (24546604)|HEAP_ALLOCATE|[77]|Bytes:4
23:05:46.3 (24551720)|VARIABLE_ASSIGNMENT|[77]|player1Position|8
23:05:46.3 (24555478)|STATEMENT_EXECUTE|[78]
23:05:46.3 (24564705)|HEAP_ALLOCATE|[78]|Bytes:1
23:05:46.3 (24573468)|HEAP_ALLOCATE|[78]|Bytes:30
23:05:46.3 (24579957)|USER_DEBUG|[78]|DEBUG|Posición del primer jugador: 8
23:05:46.3 (24590259)|STATEMENT_EXECUTE|[79]
23:05:46.3 (24599333)|HEAP_ALLOCATE|[79]|Bytes:2
23:05:46.3 (24607302)|HEAP_ALLOCATE|[79]|Bytes:32
23:05:46.3 (24612894)|USER_DEBUG|[79]|DEBUG|Posición del segundo jugador: 15
23:05:46.3 (24621111)|METHOD_ENTRY|[81]|01pIY000001AhCh|LadderGame.SnakeNLadder.check_Win(Integer)
23:05:46.3 (24625277)|VARIABLE_SCOPE_BEGIN|[56]|this|LadderGame.SnakeNLadder|true|false
23:05:46.3 (24643042)|VARIABLE_ASSIGNMENT|[56]|this|{"ladder":"0xc6ee890","snake":"0x7a26460b","WinPoint":25}|0x59453d53
23:05:46.3 (24676582)|VARIABLE_SCOPE_BEGIN|[56]|playerPosition|Integer|false|false
23:05:46.3 (24683980)|VARIABLE_ASSIGNMENT|[56]|playerPosition|8
23:05:46.3 (24688602)|STATEMENT_EXECUTE|[56]
23:05:46.3 (24690361)|STATEMENT_EXECUTE|[57]
23:05:46.3 (24696177)|METHOD_EXIT|[81]|01pIY000001AhCh|LadderGame.SnakeNLadder.check_Win(Integer)
23:05:46.3 (24703592)|STATEMENT_EXECUTE|[81]
23:05:46.3 (24706697)|STATEMENT_EXECUTE|[97]
23:05:46.3 (24710680)|HEAP_ALLOCATE|[97]|Bytes:4
23:05:46.3 (24725815)|VARIABLE_ASSIGNMENT|[97]|currentPlayer|1
23:05:46.3 (24732914)|HEAP_ALLOCATE|[98]|Bytes:5
23:05:46.3 (24739468)|VARIABLE_ASSIGNMENT|[98]|nPressed|true
23:05:46.3 (24743639)|STATEMENT_EXECUTE|[69]
23:05:46.3 (24745367)|STATEMENT_EXECUTE|[70]
23:05:46.3 (24752724)|USER_DEBUG|[70]|DEBUG|
Turno de segundo jugador
23:05:46.3 (24780060)|STATEMENT_EXECUTE|[71]
23:05:46.3 (24786873)|USER_DEBUG|[71]|DEBUG|Jugador lanza los dados
23:05:46.3 (24793599)|STATEMENT_EXECUTE|[72]
23:05:46.3 (24797305)|METHOD_ENTRY|[72]|01pIY000001AhCh|LadderGame.SnakeNLadder.rollDice()
23:05:46.3 (24802028)|VARIABLE_SCOPE_BEGIN|[28]|this|LadderGame.SnakeNLadder|true|false
23:05:46.3 (24819824)|VARIABLE_ASSIGNMENT|[28]|this|{"ladder":"0xc6ee890","snake":"0x7a26460b","WinPoint":25}|0x59453d53
23:05:46.3 (24824947)|STATEMENT_EXECUTE|[28]
23:05:46.3 (24826771)|STATEMENT_EXECUTE|[29]
23:05:46.3 (24830311)|METHOD_ENTRY|[29]||System.Math.random()
23:05:46.3 (24845734)|METHOD_EXIT|[29]||System.Math.random()
23:05:46.3 (24866239)|VARIABLE_SCOPE_BEGIN|[29]|dice|Integer|false|false
23:05:46.3 (24872015)|HEAP_ALLOCATE|[29]|Bytes:4
23:05:46.3 (24877737)|VARIABLE_ASSIGNMENT|[29]|dice|3
23:05:46.3 (24881501)|STATEMENT_EXECUTE|[30]
23:05:46.3 (24887356)|USER_DEBUG|[30]|DEBUG|3
23:05:46.3 (24895309)|STATEMENT_EXECUTE|[31]
23:05:46.3 (24899826)|METHOD_EXIT|[72]|01pIY000001AhCh|LadderGame.SnakeNLadder.rollDice()
23:05:46.3 (24906007)|HEAP_ALLOCATE|[72]|Bytes:4
23:05:46.3 (24911904)|VARIABLE_ASSIGNMENT|[72]|diceValue|3
23:05:46.3 (24916731)|STATEMENT_EXECUTE|[86]
23:05:46.3 (24918575)|STATEMENT_EXECUTE|[87]
23:05:46.3 (24923020)|METHOD_ENTRY|[87]|01pIY000001AhCh|LadderGame.SnakeNLadder.PlayerValueDice(Integer, Integer)
23:05:46.3 (24927339)|VARIABLE_SCOPE_BEGIN|[35]|this|LadderGame.SnakeNLadder|true|false
23:05:46.3 (24942946)|VARIABLE_ASSIGNMENT|[35]|this|{"ladder":"0xc6ee890","snake":"0x7a26460b","WinPoint":25}|0x59453d53
23:05:46.3 (24947665)|VARIABLE_SCOPE_BEGIN|[35]|playerPosition|Integer|false|false
23:05:46.3 (24973078)|VARIABLE_ASSIGNMENT|[35]|playerPosition|15
23:05:46.3 (24979335)|VARIABLE_SCOPE_BEGIN|[35]|dice|Integer|false|false
23:05:46.3 (24986351)|VARIABLE_ASSIGNMENT|[35]|dice|3
23:05:46.3 (24990572)|STATEMENT_EXECUTE|[35]
23:05:46.3 (24992435)|STATEMENT_EXECUTE|[37]
23:05:46.3 (24995609)|VARIABLE_SCOPE_BEGIN|[37]|playerNewPosition|Integer|false|false
23:05:46.3 (25000989)|HEAP_ALLOCATE|[37]|Bytes:4
23:05:46.3 (25010219)|VARIABLE_ASSIGNMENT|[37]|playerNewPosition|18
23:05:46.3 (25015188)|STATEMENT_EXECUTE|[39]
23:05:46.3 (25023139)|HEAP_ALLOCATE|[42]|Bytes:4
23:05:46.3 (25034137)|STATEMENT_EXECUTE|[42]
23:05:46.3 (25040014)|HEAP_ALLOCATE|[47]|Bytes:4
23:05:46.3 (25046110)|STATEMENT_EXECUTE|[47]
23:05:46.3 (25047961)|STATEMENT_EXECUTE|[52]
23:05:46.3 (25051489)|METHOD_EXIT|[87]|01pIY000001AhCh|LadderGame.SnakeNLadder.PlayerValueDice(Integer, Integer)
23:05:46.3 (25055716)|HEAP_ALLOCATE|[87]|Bytes:4
23:05:46.3 (25061004)|VARIABLE_ASSIGNMENT|[87]|player2Position|18
23:05:46.3 (25064749)|STATEMENT_EXECUTE|[88]
23:05:46.3 (25075610)|HEAP_ALLOCATE|[88]|Bytes:1
23:05:46.3 (25089872)|HEAP_ALLOCATE|[88]|Bytes:30
23:05:46.3 (25098839)|USER_DEBUG|[88]|DEBUG|Posición del primer jugador: 8
23:05:46.3 (25105540)|STATEMENT_EXECUTE|[89]
23:05:46.3 (25112579)|HEAP_ALLOCATE|[89]|Bytes:2
23:05:46.3 (25120485)|HEAP_ALLOCATE|[89]|Bytes:32
23:05:46.3 (25126196)|USER_DEBUG|[89]|DEBUG|Posición del segundo jugador: 18
23:05:46.3 (25134349)|METHOD_ENTRY|[91]|01pIY000001AhCh|LadderGame.SnakeNLadder.check_Win(Integer)
23:05:46.3 (25139464)|VARIABLE_SCOPE_BEGIN|[56]|this|LadderGame.SnakeNLadder|true|false
23:05:46.3 (25162419)|VARIABLE_ASSIGNMENT|[56]|this|{"ladder":"0xc6ee890","snake":"0x7a26460b","WinPoint":25}|0x59453d53
23:05:46.3 (25167862)|VARIABLE_SCOPE_BEGIN|[56]|playerPosition|Integer|false|false
23:05:46.3 (25175290)|VARIABLE_ASSIGNMENT|[56]|playerPosition|18
23:05:46.3 (25179846)|STATEMENT_EXECUTE|[56]
23:05:46.3 (25181663)|STATEMENT_EXECUTE|[57]
23:05:46.3 (25186894)|METHOD_EXIT|[91]|01pIY000001AhCh|LadderGame.SnakeNLadder.check_Win(Integer)
23:05:46.3 (25192072)|STATEMENT_EXECUTE|[91]
23:05:46.3 (25193903)|STATEMENT_EXECUTE|[97]
23:05:46.3 (25197020)|HEAP_ALLOCATE|[97]|Bytes:4
23:05:46.3 (25205726)|VARIABLE_ASSIGNMENT|[97]|currentPlayer|-1
23:05:46.3 (25214913)|HEAP_ALLOCATE|[98]|Bytes:5
23:05:46.3 (25221051)|VARIABLE_ASSIGNMENT|[98]|nPressed|true
23:05:46.3 (25226083)|STATEMENT_EXECUTE|[69]
23:05:46.3 (25227803)|STATEMENT_EXECUTE|[70]
23:05:46.3 (25234402)|USER_DEBUG|[70]|DEBUG|
Turno de primer jugador
23:05:46.3 (25240407)|STATEMENT_EXECUTE|[71]
23:05:46.3 (25244740)|USER_DEBUG|[71]|DEBUG|Jugador lanza los dados
23:05:46.3 (25250383)|STATEMENT_EXECUTE|[72]
23:05:46.3 (25253668)|METHOD_ENTRY|[72]|01pIY000001AhCh|LadderGame.SnakeNLadder.rollDice()
23:05:46.3 (25259674)|VARIABLE_SCOPE_BEGIN|[28]|this|LadderGame.SnakeNLadder|true|false
23:05:46.3 (25279138)|VARIABLE_ASSIGNMENT|[28]|this|{"ladder":"0xc6ee890","snake":"0x7a26460b","WinPoint":25}|0x59453d53
23:05:46.3 (25284500)|STATEMENT_EXECUTE|[28]
23:05:46.3 (25286297)|STATEMENT_EXECUTE|[29]
23:05:46.3 (25289936)|METHOD_ENTRY|[29]||System.Math.random()
23:05:46.3 (25300407)|METHOD_EXIT|[29]||System.Math.random()
23:05:46.3 (25319207)|VARIABLE_SCOPE_BEGIN|[29]|dice|Integer|false|false
23:05:46.3 (25328488)|HEAP_ALLOCATE|[29]|Bytes:4
23:05:46.3 (25335531)|VARIABLE_ASSIGNMENT|[29]|dice|0
23:05:46.3 (25339251)|STATEMENT_EXECUTE|[30]
23:05:46.3 (25345130)|USER_DEBUG|[30]|DEBUG|0
23:05:46.3 (25351205)|STATEMENT_EXECUTE|[31]
23:05:46.3 (25354031)|METHOD_EXIT|[72]|01pIY000001AhCh|LadderGame.SnakeNLadder.rollDice()
23:05:46.3 (25357868)|HEAP_ALLOCATE|[72]|Bytes:4
23:05:46.3 (25362809)|VARIABLE_ASSIGNMENT|[72]|diceValue|0
23:05:46.3 (25367288)|STATEMENT_EXECUTE|[76]
23:05:46.3 (25369016)|STATEMENT_EXECUTE|[77]
23:05:46.3 (25372825)|METHOD_ENTRY|[77]|01pIY000001AhCh|LadderGame.SnakeNLadder.PlayerValueDice(Integer, Integer)
23:05:46.3 (25379921)|VARIABLE_SCOPE_BEGIN|[35]|this|LadderGame.SnakeNLadder|true|false
23:05:46.3 (25399341)|VARIABLE_ASSIGNMENT|[35]|this|{"ladder":"0xc6ee890","snake":"0x7a26460b","WinPoint":25}|0x59453d53
23:05:46.3 (25404373)|VARIABLE_SCOPE_BEGIN|[35]|playerPosition|Integer|false|false
23:05:46.3 (25411351)|VARIABLE_ASSIGNMENT|[35]|playerPosition|8
23:05:46.3 (25414778)|VARIABLE_SCOPE_BEGIN|[35]|dice|Integer|false|false
23:05:46.3 (25421880)|VARIABLE_ASSIGNMENT|[35]|dice|0
23:05:46.3 (25426478)|STATEMENT_EXECUTE|[35]
23:05:46.3 (25428308)|STATEMENT_EXECUTE|[37]
23:05:46.3 (25431191)|VARIABLE_SCOPE_BEGIN|[37]|playerNewPosition|Integer|false|false
23:05:46.3 (25439867)|HEAP_ALLOCATE|[37]|Bytes:4
23:05:46.3 (25447433)|VARIABLE_ASSIGNMENT|[37]|playerNewPosition|8
23:05:46.3 (25453142)|STATEMENT_EXECUTE|[39]
23:05:46.3 (25458744)|HEAP_ALLOCATE|[42]|Bytes:4
23:05:46.3 (25465658)|STATEMENT_EXECUTE|[42]
23:05:46.3 (25470001)|HEAP_ALLOCATE|[47]|Bytes:4
23:05:46.3 (25475400)|STATEMENT_EXECUTE|[47]
23:05:46.3 (25477248)|STATEMENT_EXECUTE|[52]
23:05:46.3 (25480624)|METHOD_EXIT|[77]|01pIY000001AhCh|LadderGame.SnakeNLadder.PlayerValueDice(Integer, Integer)
23:05:46.3 (25484757)|HEAP_ALLOCATE|[77]|Bytes:4
23:05:46.3 (25489782)|VARIABLE_ASSIGNMENT|[77]|player1Position|8
23:05:46.3 (25495552)|STATEMENT_EXECUTE|[78]
23:05:46.3 (25508191)|HEAP_ALLOCATE|[78]|Bytes:1
23:05:46.3 (25518196)|HEAP_ALLOCATE|[78]|Bytes:30
23:05:46.3 (25524165)|USER_DEBUG|[78]|DEBUG|Posición del primer jugador: 8
23:05:46.3 (25530533)|STATEMENT_EXECUTE|[79]
23:05:46.3 (25537402)|HEAP_ALLOCATE|[79]|Bytes:2
23:05:46.3 (25545259)|HEAP_ALLOCATE|[79]|Bytes:32
23:05:46.3 (25552626)|USER_DEBUG|[79]|DEBUG|Posición del segundo jugador: 18
23:05:46.3 (25564935)|METHOD_ENTRY|[81]|01pIY000001AhCh|LadderGame.SnakeNLadder.check_Win(Integer)
23:05:46.3 (25569706)|VARIABLE_SCOPE_BEGIN|[56]|this|LadderGame.SnakeNLadder|true|false
23:05:46.3 (25585703)|VARIABLE_ASSIGNMENT|[56]|this|{"ladder":"0xc6ee890","snake":"0x7a26460b","WinPoint":25}|0x59453d53
23:05:46.3 (25590792)|VARIABLE_SCOPE_BEGIN|[56]|playerPosition|Integer|false|false
23:05:46.3 (25597672)|VARIABLE_ASSIGNMENT|[56]|playerPosition|8
23:05:46.3 (25602184)|STATEMENT_EXECUTE|[56]
23:05:46.3 (25603983)|STATEMENT_EXECUTE|[57]
23:05:46.3 (25609032)|METHOD_EXIT|[81]|01pIY000001AhCh|LadderGame.SnakeNLadder.check_Win(Integer)
23:05:46.3 (25615862)|STATEMENT_EXECUTE|[81]
23:05:46.3 (25618993)|STATEMENT_EXECUTE|[97]
23:05:46.3 (25622689)|HEAP_ALLOCATE|[97]|Bytes:4
23:05:46.3 (25629216)|VARIABLE_ASSIGNMENT|[97]|currentPlayer|1
23:05:46.3 (25635320)|HEAP_ALLOCATE|[98]|Bytes:5
23:05:46.3 (25641368)|VARIABLE_ASSIGNMENT|[98]|nPressed|true
23:05:46.3 (25645558)|STATEMENT_EXECUTE|[69]
23:05:46.3 (25647356)|STATEMENT_EXECUTE|[70]
23:05:46.3 (25653602)|USER_DEBUG|[70]|DEBUG|
Turno de segundo jugador
23:05:46.3 (25659714)|STATEMENT_EXECUTE|[71]
23:05:46.3 (25664039)|USER_DEBUG|[71]|DEBUG|Jugador lanza los dados
23:05:46.3 (25671950)|STATEMENT_EXECUTE|[72]
23:05:46.3 (25676814)|METHOD_ENTRY|[72]|01pIY000001AhCh|LadderGame.SnakeNLadder.rollDice()
23:05:46.3 (25683443)|VARIABLE_SCOPE_BEGIN|[28]|this|LadderGame.SnakeNLadder|true|false
23:05:46.3 (25698362)|VARIABLE_ASSIGNMENT|[28]|this|{"ladder":"0xc6ee890","snake":"0x7a26460b","WinPoint":25}|0x59453d53
23:05:46.3 (25703328)|STATEMENT_EXECUTE|[28]
23:05:46.3 (25705131)|STATEMENT_EXECUTE|[29]
23:05:46.3 (25708524)|METHOD_ENTRY|[29]||System.Math.random()
23:05:46.3 (25717935)|METHOD_EXIT|[29]||System.Math.random()
23:05:46.3 (25739987)|VARIABLE_SCOPE_BEGIN|[29]|dice|Integer|false|false
23:05:46.3 (25746877)|HEAP_ALLOCATE|[29]|Bytes:4
23:05:46.3 (25752499)|VARIABLE_ASSIGNMENT|[29]|dice|4
23:05:46.3 (25756096)|STATEMENT_EXECUTE|[30]
23:05:46.3 (25761799)|USER_DEBUG|[30]|DEBUG|4
23:05:46.3 (25767592)|STATEMENT_EXECUTE|[31]
23:05:46.3 (25770458)|METHOD_EXIT|[72]|01pIY000001AhCh|LadderGame.SnakeNLadder.rollDice()
23:05:46.3 (25774205)|HEAP_ALLOCATE|[72]|Bytes:4
23:05:46.3 (25779157)|VARIABLE_ASSIGNMENT|[72]|diceValue|4
23:05:46.3 (25783654)|STATEMENT_EXECUTE|[86]
23:05:46.3 (25786036)|STATEMENT_EXECUTE|[87]
23:05:46.3 (25792108)|METHOD_ENTRY|[87]|01pIY000001AhCh|LadderGame.SnakeNLadder.PlayerValueDice(Integer, Integer)
23:05:46.3 (25798891)|VARIABLE_SCOPE_BEGIN|[35]|this|LadderGame.SnakeNLadder|true|false
23:05:46.3 (25814897)|VARIABLE_ASSIGNMENT|[35]|this|{"ladder":"0xc6ee890","snake":"0x7a26460b","WinPoint":25}|0x59453d53
23:05:46.3 (25819554)|VARIABLE_SCOPE_BEGIN|[35]|playerPosition|Integer|false|false
23:05:46.3 (25826686)|VARIABLE_ASSIGNMENT|[35]|playerPosition|18
23:05:46.3 (25830213)|VARIABLE_SCOPE_BEGIN|[35]|dice|Integer|false|false
23:05:46.3 (25836614)|VARIABLE_ASSIGNMENT|[35]|dice|4
23:05:46.3 (25840817)|STATEMENT_EXECUTE|[35]
23:05:46.3 (25843325)|STATEMENT_EXECUTE|[37]
23:05:46.3 (25847797)|VARIABLE_SCOPE_BEGIN|[37]|playerNewPosition|Integer|false|false
23:05:46.3 (25856637)|HEAP_ALLOCATE|[37]|Bytes:4
23:05:46.3 (25862809)|VARIABLE_ASSIGNMENT|[37]|playerNewPosition|22
23:05:46.3 (25867510)|STATEMENT_EXECUTE|[39]
23:05:46.3 (25873472)|HEAP_ALLOCATE|[42]|Bytes:4
23:05:46.3 (25881375)|STATEMENT_EXECUTE|[42]
23:05:46.3 (25883346)|STATEMENT_EXECUTE|[43]
23:05:46.3 (25887069)|HEAP_ALLOCATE|[43]|Bytes:26
23:05:46.3 (25911445)|USER_DEBUG|[43]|DEBUG|Encontraste una serpiente!
23:05:46.3 (25920642)|STATEMENT_EXECUTE|[44]
23:05:46.3 (25941176)|HEAP_ALLOCATE|[44]|Bytes:4
23:05:46.3 (25951324)|VARIABLE_ASSIGNMENT|[44]|playerNewPosition|20
23:05:46.3 (25963730)|STATEMENT_EXECUTE|[47]
23:05:46.3 (25966212)|STATEMENT_EXECUTE|[52]
23:05:46.3 (25971730)|METHOD_EXIT|[87]|01pIY000001AhCh|LadderGame.SnakeNLadder.PlayerValueDice(Integer, Integer)
23:05:46.3 (25980666)|VARIABLE_ASSIGNMENT|[87]|player2Position|20
23:05:46.3 (25984523)|STATEMENT_EXECUTE|[88]
23:05:46.3 (25995115)|HEAP_ALLOCATE|[88]|Bytes:1
23:05:46.3 (26004505)|HEAP_ALLOCATE|[88]|Bytes:30
23:05:46.3 (26011361)|USER_DEBUG|[88]|DEBUG|Posición del primer jugador: 8
23:05:46.3 (26017751)|STATEMENT_EXECUTE|[89]
23:05:46.3 (26028561)|HEAP_ALLOCATE|[89]|Bytes:2
23:05:46.3 (26039581)|HEAP_ALLOCATE|[89]|Bytes:32
23:05:46.3 (26045459)|USER_DEBUG|[89]|DEBUG|Posición del segundo jugador: 20
23:05:46.3 (26064873)|METHOD_ENTRY|[91]|01pIY000001AhCh|LadderGame.SnakeNLadder.check_Win(Integer)
23:05:46.3 (26069708)|VARIABLE_SCOPE_BEGIN|[56]|this|LadderGame.SnakeNLadder|true|false
23:05:46.3 (26092919)|VARIABLE_ASSIGNMENT|[56]|this|{"ladder":"0xc6ee890","snake":"0x7a26460b","WinPoint":25}|0x59453d53
23:05:46.3 (26098193)|VARIABLE_SCOPE_BEGIN|[56]|playerPosition|Integer|false|false
23:05:46.3 (26105252)|VARIABLE_ASSIGNMENT|[56]|playerPosition|20
23:05:46.3 (26109380)|STATEMENT_EXECUTE|[56]
23:05:46.3 (26111177)|STATEMENT_EXECUTE|[57]
23:05:46.3 (26116354)|METHOD_EXIT|[91]|01pIY000001AhCh|LadderGame.SnakeNLadder.check_Win(Integer)
23:05:46.3 (26120942)|STATEMENT_EXECUTE|[91]
23:05:46.3 (26122666)|STATEMENT_EXECUTE|[97]
23:05:46.3 (26125181)|HEAP_ALLOCATE|[97]|Bytes:4
23:05:46.3 (26130697)|VARIABLE_ASSIGNMENT|[97]|currentPlayer|-1
23:05:46.3 (26139056)|HEAP_ALLOCATE|[98]|Bytes:5
23:05:46.3 (26147177)|VARIABLE_ASSIGNMENT|[98]|nPressed|true
23:05:46.3 (26153331)|STATEMENT_EXECUTE|[69]
23:05:46.3 (26155137)|STATEMENT_EXECUTE|[70]
23:05:46.3 (26161323)|USER_DEBUG|[70]|DEBUG|
Turno de primer jugador
23:05:46.3 (26167396)|STATEMENT_EXECUTE|[71]
23:05:46.3 (26171611)|USER_DEBUG|[71]|DEBUG|Jugador lanza los dados
23:05:46.3 (26177064)|STATEMENT_EXECUTE|[72]
23:05:46.3 (26180347)|METHOD_ENTRY|[72]|01pIY000001AhCh|LadderGame.SnakeNLadder.rollDice()
23:05:46.3 (26184221)|VARIABLE_SCOPE_BEGIN|[28]|this|LadderGame.SnakeNLadder|true|false
23:05:46.3 (26202125)|VARIABLE_ASSIGNMENT|[28]|this|{"ladder":"0xc6ee890","snake":"0x7a26460b","WinPoint":25}|0x59453d53
23:05:46.3 (26210923)|STATEMENT_EXECUTE|[28]
23:05:46.3 (26212774)|STATEMENT_EXECUTE|[29]
23:05:46.3 (26216553)|METHOD_ENTRY|[29]||System.Math.random()
23:05:46.3 (26226782)|METHOD_EXIT|[29]||System.Math.random()
23:05:46.3 (26243822)|VARIABLE_SCOPE_BEGIN|[29]|dice|Integer|false|false
23:05:46.3 (26249220)|HEAP_ALLOCATE|[29]|Bytes:4
23:05:46.3 (26255523)|VARIABLE_ASSIGNMENT|[29]|dice|5
23:05:46.3 (26261531)|STATEMENT_EXECUTE|[30]
23:05:46.3 (26269920)|USER_DEBUG|[30]|DEBUG|5
23:05:46.3 (26275780)|STATEMENT_EXECUTE|[31]
23:05:46.3 (26278587)|METHOD_EXIT|[72]|01pIY000001AhCh|LadderGame.SnakeNLadder.rollDice()
23:05:46.3 (26282415)|HEAP_ALLOCATE|[72]|Bytes:4
23:05:46.3 (26287438)|VARIABLE_ASSIGNMENT|[72]|diceValue|5
23:05:46.3 (26291950)|STATEMENT_EXECUTE|[76]
23:05:46.3 (26293618)|STATEMENT_EXECUTE|[77]
23:05:46.3 (26297430)|METHOD_ENTRY|[77]|01pIY000001AhCh|LadderGame.SnakeNLadder.PlayerValueDice(Integer, Integer)
23:05:46.3 (26306458)|VARIABLE_SCOPE_BEGIN|[35]|this|LadderGame.SnakeNLadder|true|false
23:05:46.3 (26327729)|VARIABLE_ASSIGNMENT|[35]|this|{"ladder":"0xc6ee890","snake":"0x7a26460b","WinPoint":25}|0x59453d53
23:05:46.3 (26332879)|VARIABLE_SCOPE_BEGIN|[35]|playerPosition|Integer|false|false
23:05:46.3 (26339458)|VARIABLE_ASSIGNMENT|[35]|playerPosition|8
23:05:46.3 (26342823)|VARIABLE_SCOPE_BEGIN|[35]|dice|Integer|false|false
23:05:46.3 (26349662)|VARIABLE_ASSIGNMENT|[35]|dice|5
23:05:46.3 (26353740)|STATEMENT_EXECUTE|[35]
23:05:46.3 (26355555)|STATEMENT_EXECUTE|[37]
23:05:46.3 (26358522)|VARIABLE_SCOPE_BEGIN|[37]|playerNewPosition|Integer|false|false
23:05:46.3 (26363561)|HEAP_ALLOCATE|[37]|Bytes:4
23:05:46.3 (26368615)|VARIABLE_ASSIGNMENT|[37]|playerNewPosition|13
23:05:46.3 (26375516)|STATEMENT_EXECUTE|[39]
23:05:46.3 (26383400)|HEAP_ALLOCATE|[42]|Bytes:4
23:05:46.3 (26391822)|STATEMENT_EXECUTE|[42]
23:05:46.3 (26396248)|HEAP_ALLOCATE|[47]|Bytes:4
23:05:46.3 (26401723)|STATEMENT_EXECUTE|[47]
23:05:46.3 (26403441)|STATEMENT_EXECUTE|[52]
23:05:46.3 (26406570)|METHOD_EXIT|[77]|01pIY000001AhCh|LadderGame.SnakeNLadder.PlayerValueDice(Integer, Integer)
23:05:46.3 (26410576)|HEAP_ALLOCATE|[77]|Bytes:4
23:05:46.3 (26415639)|VARIABLE_ASSIGNMENT|[77]|player1Position|13
23:05:46.3 (26419107)|STATEMENT_EXECUTE|[78]
23:05:46.3 (26428749)|HEAP_ALLOCATE|[78]|Bytes:2
23:05:46.3 (26443041)|HEAP_ALLOCATE|[78]|Bytes:31
23:05:46.3 (26449924)|USER_DEBUG|[78]|DEBUG|Posición del primer jugador: 13
23:05:46.3 (26456934)|STATEMENT_EXECUTE|[79]
23:05:46.3 (26464263)|HEAP_ALLOCATE|[79]|Bytes:2
23:05:46.3 (26471865)|HEAP_ALLOCATE|[79]|Bytes:32
23:05:46.3 (26477367)|USER_DEBUG|[79]|DEBUG|Posición del segundo jugador: 20
23:05:46.3 (26485539)|METHOD_ENTRY|[81]|01pIY000001AhCh|LadderGame.SnakeNLadder.check_Win(Integer)
23:05:46.3 (26492227)|VARIABLE_SCOPE_BEGIN|[56]|this|LadderGame.SnakeNLadder|true|false
23:05:46.3 (26512242)|VARIABLE_ASSIGNMENT|[56]|this|{"ladder":"0xc6ee890","snake":"0x7a26460b","WinPoint":25}|0x59453d53
23:05:46.3 (26517284)|VARIABLE_SCOPE_BEGIN|[56]|playerPosition|Integer|false|false
23:05:46.3 (26524604)|VARIABLE_ASSIGNMENT|[56]|playerPosition|13
23:05:46.3 (26528960)|STATEMENT_EXECUTE|[56]
23:05:46.3 (26530723)|STATEMENT_EXECUTE|[57]
23:05:46.3 (26535366)|METHOD_EXIT|[81]|01pIY000001AhCh|LadderGame.SnakeNLadder.check_Win(Integer)
23:05:46.3 (26539667)|STATEMENT_EXECUTE|[81]
23:05:46.3 (26541724)|STATEMENT_EXECUTE|[97]
23:05:46.3 (26544495)|HEAP_ALLOCATE|[97]|Bytes:4
23:05:46.3 (26552709)|VARIABLE_ASSIGNMENT|[97]|currentPlayer|1
23:05:46.3 (26561222)|HEAP_ALLOCATE|[98]|Bytes:5
23:05:46.3 (26566997)|VARIABLE_ASSIGNMENT|[98]|nPressed|true
23:05:46.3 (26571006)|STATEMENT_EXECUTE|[69]
23:05:46.3 (26572850)|STATEMENT_EXECUTE|[70]
23:05:46.3 (26578650)|USER_DEBUG|[70]|DEBUG|
Turno de segundo jugador
23:05:46.3 (26584302)|STATEMENT_EXECUTE|[71]
23:05:46.3 (26588507)|USER_DEBUG|[71]|DEBUG|Jugador lanza los dados
23:05:46.3 (26593773)|STATEMENT_EXECUTE|[72]
23:05:46.3 (26597038)|METHOD_ENTRY|[72]|01pIY000001AhCh|LadderGame.SnakeNLadder.rollDice()
23:05:46.3 (26600998)|VARIABLE_SCOPE_BEGIN|[28]|this|LadderGame.SnakeNLadder|true|false
23:05:46.3 (26621349)|VARIABLE_ASSIGNMENT|[28]|this|{"ladder":"0xc6ee890","snake":"0x7a26460b","WinPoint":25}|0x59453d53
23:05:46.3 (26626735)|STATEMENT_EXECUTE|[28]
23:05:46.3 (26654449)|STATEMENT_EXECUTE|[29]
23:05:46.3 (26658814)|METHOD_ENTRY|[29]||System.Math.random()
23:05:46.3 (26674274)|METHOD_EXIT|[29]||System.Math.random()
23:05:46.3 (26694971)|VARIABLE_SCOPE_BEGIN|[29]|dice|Integer|false|false
23:05:46.3 (26700446)|HEAP_ALLOCATE|[29]|Bytes:4
23:05:46.3 (26706753)|VARIABLE_ASSIGNMENT|[29]|dice|1
23:05:46.3 (26710263)|STATEMENT_EXECUTE|[30]
23:05:46.3 (26716247)|USER_DEBUG|[30]|DEBUG|1
23:05:46.3 (26722226)|STATEMENT_EXECUTE|[31]
23:05:46.3 (26726855)|METHOD_EXIT|[72]|01pIY000001AhCh|LadderGame.SnakeNLadder.rollDice()
23:05:46.3 (26733200)|HEAP_ALLOCATE|[72]|Bytes:4
23:05:46.3 (26739909)|VARIABLE_ASSIGNMENT|[72]|diceValue|1
23:05:46.3 (26744536)|STATEMENT_EXECUTE|[86]
23:05:46.3 (26746580)|STATEMENT_EXECUTE|[87]
23:05:46.3 (26751295)|METHOD_ENTRY|[87]|01pIY000001AhCh|LadderGame.SnakeNLadder.PlayerValueDice(Integer, Integer)
23:05:46.3 (26755713)|VARIABLE_SCOPE_BEGIN|[35]|this|LadderGame.SnakeNLadder|true|false
23:05:46.3 (26773296)|VARIABLE_ASSIGNMENT|[35]|this|{"ladder":"0xc6ee890","snake":"0x7a26460b","WinPoint":25}|0x59453d53
23:05:46.3 (26777824)|VARIABLE_SCOPE_BEGIN|[35]|playerPosition|Integer|false|false
23:05:46.3 (26787661)|VARIABLE_ASSIGNMENT|[35]|playerPosition|20
23:05:46.3 (26793524)|VARIABLE_SCOPE_BEGIN|[35]|dice|Integer|false|false
23:05:46.3 (26801617)|VARIABLE_ASSIGNMENT|[35]|dice|1
23:05:46.3 (26805878)|STATEMENT_EXECUTE|[35]
23:05:46.3 (26807900)|STATEMENT_EXECUTE|[37]
23:05:46.3 (26810942)|VARIABLE_SCOPE_BEGIN|[37]|playerNewPosition|Integer|false|false
23:05:46.3 (26815991)|HEAP_ALLOCATE|[37]|Bytes:4
23:05:46.3 (26820838)|VARIABLE_ASSIGNMENT|[37]|playerNewPosition|21
23:05:46.3 (26825425)|STATEMENT_EXECUTE|[39]
23:05:46.3 (26831244)|HEAP_ALLOCATE|[42]|Bytes:4
23:05:46.3 (26838159)|STATEMENT_EXECUTE|[42]
23:05:46.3 (26845194)|HEAP_ALLOCATE|[47]|Bytes:4
23:05:46.3 (26854420)|STATEMENT_EXECUTE|[47]
23:05:46.3 (26856524)|STATEMENT_EXECUTE|[52]
23:05:46.3 (26859894)|METHOD_EXIT|[87]|01pIY000001AhCh|LadderGame.SnakeNLadder.PlayerValueDice(Integer, Integer)
23:05:46.3 (26863906)|HEAP_ALLOCATE|[87]|Bytes:4
23:05:46.3 (26869258)|VARIABLE_ASSIGNMENT|[87]|player2Position|21
23:05:46.3 (26872810)|STATEMENT_EXECUTE|[88]
23:05:46.3 (26882539)|HEAP_ALLOCATE|[88]|Bytes:2
23:05:46.3 (26892173)|HEAP_ALLOCATE|[88]|Bytes:31
23:05:46.3 (26900091)|USER_DEBUG|[88]|DEBUG|Posición del primer jugador: 13
23:05:46.3 (26909588)|STATEMENT_EXECUTE|[89]
23:05:46.3 (26918118)|HEAP_ALLOCATE|[89]|Bytes:2
23:05:46.3 (26925707)|HEAP_ALLOCATE|[89]|Bytes:32
23:05:46.3 (26931269)|USER_DEBUG|[89]|DEBUG|Posición del segundo jugador: 21
23:05:46.3 (26938791)|METHOD_ENTRY|[91]|01pIY000001AhCh|LadderGame.SnakeNLadder.check_Win(Integer)
23:05:46.3 (26942847)|VARIABLE_SCOPE_BEGIN|[56]|this|LadderGame.SnakeNLadder|true|false
23:05:46.3 (26961538)|VARIABLE_ASSIGNMENT|[56]|this|{"ladder":"0xc6ee890","snake":"0x7a26460b","WinPoint":25}|0x59453d53
23:05:46.3 (26969186)|VARIABLE_SCOPE_BEGIN|[56]|playerPosition|Integer|false|false
23:05:46.3 (26977078)|VARIABLE_ASSIGNMENT|[56]|playerPosition|21
23:05:46.3 (26981302)|STATEMENT_EXECUTE|[56]
23:05:46.3 (26983153)|STATEMENT_EXECUTE|[57]
23:05:46.3 (26987985)|METHOD_EXIT|[91]|01pIY000001AhCh|LadderGame.SnakeNLadder.check_Win(Integer)
23:05:46.3 (26992543)|STATEMENT_EXECUTE|[91]
23:05:46.3 (26994288)|STATEMENT_EXECUTE|[97]
23:05:46.3 (26996643)|HEAP_ALLOCATE|[97]|Bytes:4
23:05:46.3 (27001949)|VARIABLE_ASSIGNMENT|[97]|currentPlayer|-1
23:05:46.3 (27008907)|HEAP_ALLOCATE|[98]|Bytes:5
23:05:46.3 (27016167)|VARIABLE_ASSIGNMENT|[98]|nPressed|true
23:05:46.3 (27023243)|STATEMENT_EXECUTE|[69]
23:05:46.3 (27025675)|STATEMENT_EXECUTE|[70]
23:05:46.3 (27032993)|USER_DEBUG|[70]|DEBUG|
Turno de primer jugador
23:05:46.3 (27038770)|STATEMENT_EXECUTE|[71]
23:05:46.3 (27043099)|USER_DEBUG|[71]|DEBUG|Jugador lanza los dados
23:05:46.3 (27048502)|STATEMENT_EXECUTE|[72]
23:05:46.3 (27051650)|METHOD_ENTRY|[72]|01pIY000001AhCh|LadderGame.SnakeNLadder.rollDice()
23:05:46.3 (27055990)|VARIABLE_SCOPE_BEGIN|[28]|this|LadderGame.SnakeNLadder|true|false
23:05:46.3 (27070120)|VARIABLE_ASSIGNMENT|[28]|this|{"ladder":"0xc6ee890","snake":"0x7a26460b","WinPoint":25}|0x59453d53
23:05:46.3 (27076845)|STATEMENT_EXECUTE|[28]
23:05:46.3 (27079307)|STATEMENT_EXECUTE|[29]
23:05:46.3 (27083803)|METHOD_ENTRY|[29]||System.Math.random()
23:05:46.3 (27094898)|METHOD_EXIT|[29]||System.Math.random()
23:05:46.3 (27111247)|VARIABLE_SCOPE_BEGIN|[29]|dice|Integer|false|false
23:05:46.3 (27117279)|HEAP_ALLOCATE|[29]|Bytes:4
23:05:46.3 (27122652)|VARIABLE_ASSIGNMENT|[29]|dice|2
23:05:46.3 (27126334)|STATEMENT_EXECUTE|[30]
23:05:46.3 (27131921)|USER_DEBUG|[30]|DEBUG|2
23:05:46.3 (27141264)|STATEMENT_EXECUTE|[31]
23:05:46.3 (27145226)|METHOD_EXIT|[72]|01pIY000001AhCh|LadderGame.SnakeNLadder.rollDice()
23:05:46.3 (27150089)|HEAP_ALLOCATE|[72]|Bytes:4
23:05:46.3 (27155198)|VARIABLE_ASSIGNMENT|[72]|diceValue|2
23:05:46.3 (27159543)|STATEMENT_EXECUTE|[76]
23:05:46.3 (27161252)|STATEMENT_EXECUTE|[77]
23:05:46.3 (27164838)|METHOD_ENTRY|[77]|01pIY000001AhCh|LadderGame.SnakeNLadder.PlayerValueDice(Integer, Integer)
23:05:46.3 (27168881)|VARIABLE_SCOPE_BEGIN|[35]|this|LadderGame.SnakeNLadder|true|false
23:05:46.3 (27184170)|VARIABLE_ASSIGNMENT|[35]|this|{"ladder":"0xc6ee890","snake":"0x7a26460b","WinPoint":25}|0x59453d53
23:05:46.3 (27188823)|VARIABLE_SCOPE_BEGIN|[35]|playerPosition|Integer|false|false
23:05:46.3 (27199479)|VARIABLE_ASSIGNMENT|[35]|playerPosition|13
23:05:46.3 (27204980)|VARIABLE_SCOPE_BEGIN|[35]|dice|Integer|false|false
23:05:46.3 (27212488)|VARIABLE_ASSIGNMENT|[35]|dice|2
23:05:46.3 (27216814)|STATEMENT_EXECUTE|[35]
23:05:46.3 (27218602)|STATEMENT_EXECUTE|[37]
23:05:46.3 (27221585)|VARIABLE_SCOPE_BEGIN|[37]|playerNewPosition|Integer|false|false
23:05:46.3 (27226489)|HEAP_ALLOCATE|[37]|Bytes:4
23:05:46.3 (27231369)|VARIABLE_ASSIGNMENT|[37]|playerNewPosition|15
23:05:46.3 (27235700)|STATEMENT_EXECUTE|[39]
23:05:46.3 (27241196)|HEAP_ALLOCATE|[42]|Bytes:4
23:05:46.3 (27248053)|STATEMENT_EXECUTE|[42]
23:05:46.3 (27254872)|HEAP_ALLOCATE|[47]|Bytes:4
23:05:46.3 (27263258)|STATEMENT_EXECUTE|[47]
23:05:46.3 (27265724)|STATEMENT_EXECUTE|[52]
23:05:46.3 (27268964)|METHOD_EXIT|[77]|01pIY000001AhCh|LadderGame.SnakeNLadder.PlayerValueDice(Integer, Integer)
23:05:46.3 (27272924)|HEAP_ALLOCATE|[77]|Bytes:4
23:05:46.3 (27278218)|VARIABLE_ASSIGNMENT|[77]|player1Position|15
23:05:46.3 (27281653)|STATEMENT_EXECUTE|[78]
23:05:46.3 (27290511)|HEAP_ALLOCATE|[78]|Bytes:2
23:05:46.3 (27299007)|HEAP_ALLOCATE|[78]|Bytes:31
23:05:46.3 (27304853)|USER_DEBUG|[78]|DEBUG|Posición del primer jugador: 15
23:05:46.3 (27313537)|STATEMENT_EXECUTE|[79]
23:05:46.3 (27323913)|HEAP_ALLOCATE|[79]|Bytes:2
23:05:46.3 (27331880)|HEAP_ALLOCATE|[79]|Bytes:32
23:05:46.3 (27337420)|USER_DEBUG|[79]|DEBUG|Posición del segundo jugador: 21
23:05:46.3 (27345286)|METHOD_ENTRY|[81]|01pIY000001AhCh|LadderGame.SnakeNLadder.check_Win(Integer)
23:05:46.3 (27349285)|VARIABLE_SCOPE_BEGIN|[56]|this|LadderGame.SnakeNLadder|true|false
23:05:46.3 (27364446)|VARIABLE_ASSIGNMENT|[56]|this|{"ladder":"0xc6ee890","snake":"0x7a26460b","WinPoint":25}|0x59453d53
23:05:46.3 (27371815)|VARIABLE_SCOPE_BEGIN|[56]|playerPosition|Integer|false|false
23:05:46.3 (27381929)|VARIABLE_ASSIGNMENT|[56]|playerPosition|15
23:05:46.3 (27387032)|STATEMENT_EXECUTE|[56]
23:05:46.3 (27388806)|STATEMENT_EXECUTE|[57]
23:05:46.3 (27393378)|METHOD_EXIT|[81]|01pIY000001AhCh|LadderGame.SnakeNLadder.check_Win(Integer)
23:05:46.3 (27397659)|STATEMENT_EXECUTE|[81]
23:05:46.3 (27399703)|STATEMENT_EXECUTE|[97]
23:05:46.3 (27402037)|HEAP_ALLOCATE|[97]|Bytes:4
23:05:46.3 (27407190)|VARIABLE_ASSIGNMENT|[97]|currentPlayer|1
23:05:46.3 (27413193)|HEAP_ALLOCATE|[98]|Bytes:5
23:05:46.3 (27418663)|VARIABLE_ASSIGNMENT|[98]|nPressed|true
23:05:46.3 (27422605)|STATEMENT_EXECUTE|[69]
23:05:46.3 (27424339)|STATEMENT_EXECUTE|[70]
23:05:46.3 (27432897)|USER_DEBUG|[70]|DEBUG|
Turno de segundo jugador
23:05:46.3 (27441388)|STATEMENT_EXECUTE|[71]
23:05:46.3 (27445887)|USER_DEBUG|[71]|DEBUG|Jugador lanza los dados
23:05:46.3 (27451594)|STATEMENT_EXECUTE|[72]
23:05:46.3 (27454811)|METHOD_ENTRY|[72]|01pIY000001AhCh|LadderGame.SnakeNLadder.rollDice()
23:05:46.3 (27458720)|VARIABLE_SCOPE_BEGIN|[28]|this|LadderGame.SnakeNLadder|true|false
23:05:46.3 (27473306)|VARIABLE_ASSIGNMENT|[28]|this|{"ladder":"0xc6ee890","snake":"0x7a26460b","WinPoint":25}|0x59453d53
23:05:46.3 (27478346)|STATEMENT_EXECUTE|[28]
23:05:46.3 (27480095)|STATEMENT_EXECUTE|[29]
23:05:46.3 (27483371)|METHOD_ENTRY|[29]||System.Math.random()
23:05:46.3 (27497210)|METHOD_EXIT|[29]||System.Math.random()
23:05:46.3 (27514436)|VARIABLE_SCOPE_BEGIN|[29]|dice|Integer|false|false
23:05:46.3 (27523571)|HEAP_ALLOCATE|[29]|Bytes:4
23:05:46.3 (27529375)|VARIABLE_ASSIGNMENT|[29]|dice|0
23:05:46.3 (27532915)|STATEMENT_EXECUTE|[30]
23:05:46.3 (27538391)|USER_DEBUG|[30]|DEBUG|0
23:05:46.3 (27545884)|STATEMENT_EXECUTE|[31]
23:05:46.3 (27549729)|METHOD_EXIT|[72]|01pIY000001AhCh|LadderGame.SnakeNLadder.rollDice()
23:05:46.3 (27555874)|HEAP_ALLOCATE|[72]|Bytes:4
23:05:46.3 (27561855)|VARIABLE_ASSIGNMENT|[72]|diceValue|0
23:05:46.3 (27566312)|STATEMENT_EXECUTE|[86]
23:05:46.3 (27568085)|STATEMENT_EXECUTE|[87]
23:05:46.3 (27572251)|METHOD_ENTRY|[87]|01pIY000001AhCh|LadderGame.SnakeNLadder.PlayerValueDice(Integer, Integer)
23:05:46.3 (27576377)|VARIABLE_SCOPE_BEGIN|[35]|this|LadderGame.SnakeNLadder|true|false
23:05:46.3 (27591468)|VARIABLE_ASSIGNMENT|[35]|this|{"ladder":"0xc6ee890","snake":"0x7a26460b","WinPoint":25}|0x59453d53
23:05:46.3 (27596498)|VARIABLE_SCOPE_BEGIN|[35]|playerPosition|Integer|false|false
23:05:46.3 (27604609)|VARIABLE_ASSIGNMENT|[35]|playerPosition|21
23:05:46.3 (27610190)|VARIABLE_SCOPE_BEGIN|[35]|dice|Integer|false|false
23:05:46.3 (27619745)|VARIABLE_ASSIGNMENT|[35]|dice|0
23:05:46.3 (27623926)|STATEMENT_EXECUTE|[35]
23:05:46.3 (27625614)|STATEMENT_EXECUTE|[37]
23:05:46.3 (27628467)|VARIABLE_SCOPE_BEGIN|[37]|playerNewPosition|Integer|false|false
23:05:46.3 (27633535)|HEAP_ALLOCATE|[37]|Bytes:4
23:05:46.3 (27638467)|VARIABLE_ASSIGNMENT|[37]|playerNewPosition|21
23:05:46.3 (27643162)|STATEMENT_EXECUTE|[39]
23:05:46.3 (27648640)|HEAP_ALLOCATE|[42]|Bytes:4
23:05:46.3 (27655381)|STATEMENT_EXECUTE|[42]
23:05:46.3 (27660038)|HEAP_ALLOCATE|[47]|Bytes:4
23:05:46.3 (27668782)|STATEMENT_EXECUTE|[47]
23:05:46.3 (27671403)|STATEMENT_EXECUTE|[52]
23:05:46.3 (27675542)|METHOD_EXIT|[87]|01pIY000001AhCh|LadderGame.SnakeNLadder.PlayerValueDice(Integer, Integer)
23:05:46.3 (27680028)|HEAP_ALLOCATE|[87]|Bytes:4
23:05:46.3 (27685023)|VARIABLE_ASSIGNMENT|[87]|player2Position|21
23:05:46.3 (27688815)|STATEMENT_EXECUTE|[88]
23:05:46.3 (27702681)|HEAP_ALLOCATE|[88]|Bytes:2
23:05:46.3 (27711349)|HEAP_ALLOCATE|[88]|Bytes:31
23:05:46.3 (27717162)|USER_DEBUG|[88]|DEBUG|Posición del primer jugador: 15
23:05:46.3 (27726578)|STATEMENT_EXECUTE|[89]
23:05:46.3 (27736386)|HEAP_ALLOCATE|[89]|Bytes:2
23:05:46.3 (27744093)|HEAP_ALLOCATE|[89]|Bytes:32
23:05:46.3 (27749561)|USER_DEBUG|[89]|DEBUG|Posición del segundo jugador: 21
23:05:46.3 (27757525)|METHOD_ENTRY|[91]|01pIY000001AhCh|LadderGame.SnakeNLadder.check_Win(Integer)
23:05:46.3 (27761541)|VARIABLE_SCOPE_BEGIN|[56]|this|LadderGame.SnakeNLadder|true|false
23:05:46.3 (27776827)|VARIABLE_ASSIGNMENT|[56]|this|{"ladder":"0xc6ee890","snake":"0x7a26460b","WinPoint":25}|0x59453d53
23:05:46.3 (27784478)|VARIABLE_SCOPE_BEGIN|[56]|playerPosition|Integer|false|false
23:05:46.3 (27794982)|VARIABLE_ASSIGNMENT|[56]|playerPosition|21
23:05:46.3 (27799271)|STATEMENT_EXECUTE|[56]
23:05:46.3 (27801042)|STATEMENT_EXECUTE|[57]
23:05:46.3 (27805647)|METHOD_EXIT|[91]|01pIY000001AhCh|LadderGame.SnakeNLadder.check_Win(Integer)
23:05:46.3 (27809981)|STATEMENT_EXECUTE|[91]
23:05:46.3 (27811709)|STATEMENT_EXECUTE|[97]
23:05:46.3 (27814007)|HEAP_ALLOCATE|[97]|Bytes:4
23:05:46.3 (27819348)|VARIABLE_ASSIGNMENT|[97]|currentPlayer|-1
23:05:46.3 (27824949)|HEAP_ALLOCATE|[98]|Bytes:5
23:05:46.3 (27830594)|VARIABLE_ASSIGNMENT|[98]|nPressed|true
23:05:46.3 (27834687)|STATEMENT_EXECUTE|[69]
23:05:46.3 (27836869)|STATEMENT_EXECUTE|[70]
23:05:46.3 (27845726)|USER_DEBUG|[70]|DEBUG|
Turno de primer jugador
23:05:46.3 (27854575)|STATEMENT_EXECUTE|[71]
23:05:46.3 (27858956)|USER_DEBUG|[71]|DEBUG|Jugador lanza los dados
23:05:46.3 (27864471)|STATEMENT_EXECUTE|[72]
23:05:46.3 (27867651)|METHOD_ENTRY|[72]|01pIY000001AhCh|LadderGame.SnakeNLadder.rollDice()
23:05:46.3 (27871654)|VARIABLE_SCOPE_BEGIN|[28]|this|LadderGame.SnakeNLadder|true|false
23:05:46.3 (27886291)|VARIABLE_ASSIGNMENT|[28]|this|{"ladder":"0xc6ee890","snake":"0x7a26460b","WinPoint":25}|0x59453d53
23:05:46.3 (27891298)|STATEMENT_EXECUTE|[28]
23:05:46.3 (27893061)|STATEMENT_EXECUTE|[29]
23:05:46.3 (27896963)|METHOD_ENTRY|[29]||System.Math.random()
23:05:46.3 (27910541)|METHOD_EXIT|[29]||System.Math.random()
23:05:46.3 (27927327)|VARIABLE_SCOPE_BEGIN|[29]|dice|Integer|false|false
23:05:46.3 (27932837)|HEAP_ALLOCATE|[29]|Bytes:4
23:05:46.3 (27938353)|VARIABLE_ASSIGNMENT|[29]|dice|5
23:05:46.3 (27942010)|STATEMENT_EXECUTE|[30]
23:05:46.3 (27947794)|USER_DEBUG|[30]|DEBUG|5
23:05:46.3 (27953486)|STATEMENT_EXECUTE|[31]
23:05:46.3 (27957849)|METHOD_EXIT|[72]|01pIY000001AhCh|LadderGame.SnakeNLadder.rollDice()
23:05:46.3 (27963847)|HEAP_ALLOCATE|[72]|Bytes:4
23:05:46.3 (27970700)|VARIABLE_ASSIGNMENT|[72]|diceValue|5
23:05:46.3 (27975363)|STATEMENT_EXECUTE|[76]
23:05:46.3 (27977028)|STATEMENT_EXECUTE|[77]
23:05:46.3 (27980767)|METHOD_ENTRY|[77]|01pIY000001AhCh|LadderGame.SnakeNLadder.PlayerValueDice(Integer, Integer)
23:05:46.3 (27984718)|VARIABLE_SCOPE_BEGIN|[35]|this|LadderGame.SnakeNLadder|true|false
23:05:46.3 (28054583)|VARIABLE_ASSIGNMENT|[35]|this|{"ladder":"0xc6ee890","snake":"0x7a26460b","WinPoint":25}|0x59453d53
23:05:46.3 (28059926)|VARIABLE_SCOPE_BEGIN|[35]|playerPosition|Integer|false|false
23:05:46.3 (28066547)|VARIABLE_ASSIGNMENT|[35]|playerPosition|15
23:05:46.3 (28070543)|VARIABLE_SCOPE_BEGIN|[35]|dice|Integer|false|false
23:05:46.3 (28081310)|VARIABLE_ASSIGNMENT|[35]|dice|5
23:05:46.3 (28087806)|STATEMENT_EXECUTE|[35]
23:05:46.3 (28089541)|STATEMENT_EXECUTE|[37]
23:05:46.3 (28092976)|VARIABLE_SCOPE_BEGIN|[37]|playerNewPosition|Integer|false|false
23:05:46.3 (28098336)|HEAP_ALLOCATE|[37]|Bytes:4
23:05:46.3 (28103623)|VARIABLE_ASSIGNMENT|[37]|playerNewPosition|20
23:05:46.3 (28108247)|STATEMENT_EXECUTE|[39]
23:05:46.3 (28114336)|HEAP_ALLOCATE|[42]|Bytes:4
23:05:46.3 (28121811)|STATEMENT_EXECUTE|[42]
23:05:46.3 (28126140)|HEAP_ALLOCATE|[47]|Bytes:4
23:05:46.3 (28133259)|STATEMENT_EXECUTE|[47]
23:05:46.3 (28135736)|STATEMENT_EXECUTE|[52]
23:05:46.3 (28141087)|METHOD_EXIT|[77]|01pIY000001AhCh|LadderGame.SnakeNLadder.PlayerValueDice(Integer, Integer)
23:05:46.3 (28146897)|HEAP_ALLOCATE|[77]|Bytes:4
23:05:46.3 (28152153)|VARIABLE_ASSIGNMENT|[77]|player1Position|20
23:05:46.3 (28155645)|STATEMENT_EXECUTE|[78]
23:05:46.3 (28166769)|HEAP_ALLOCATE|[78]|Bytes:2
23:05:46.3 (28176326)|HEAP_ALLOCATE|[78]|Bytes:31
23:05:46.3 (28182787)|USER_DEBUG|[78]|DEBUG|Posición del primer jugador: 20
23:05:46.3 (28191864)|STATEMENT_EXECUTE|[79]
23:05:46.3 (28202142)|HEAP_ALLOCATE|[79]|Bytes:2
23:05:46.3 (28211531)|HEAP_ALLOCATE|[79]|Bytes:32
23:05:46.3 (28219475)|USER_DEBUG|[79]|DEBUG|Posición del segundo jugador: 21
23:05:46.3 (28231356)|METHOD_ENTRY|[81]|01pIY000001AhCh|LadderGame.SnakeNLadder.check_Win(Integer)
23:05:46.3 (28238500)|VARIABLE_SCOPE_BEGIN|[56]|this|LadderGame.SnakeNLadder|true|false
23:05:46.3 (28264039)|VARIABLE_ASSIGNMENT|[56]|this|{"ladder":"0xc6ee890","snake":"0x7a26460b","WinPoint":25}|0x59453d53
23:05:46.3 (28271335)|VARIABLE_SCOPE_BEGIN|[56]|playerPosition|Integer|false|false
23:05:46.3 (28282326)|VARIABLE_ASSIGNMENT|[56]|playerPosition|20
23:05:46.3 (28288563)|STATEMENT_EXECUTE|[56]
23:05:46.3 (28291810)|STATEMENT_EXECUTE|[57]
23:05:46.3 (28316727)|METHOD_EXIT|[81]|01pIY000001AhCh|LadderGame.SnakeNLadder.check_Win(Integer)
23:05:46.3 (28323233)|STATEMENT_EXECUTE|[81]
23:05:46.3 (28325842)|STATEMENT_EXECUTE|[97]
23:05:46.3 (28329500)|HEAP_ALLOCATE|[97]|Bytes:4
23:05:46.3 (28337827)|VARIABLE_ASSIGNMENT|[97]|currentPlayer|1
23:05:46.3 (28347179)|HEAP_ALLOCATE|[98]|Bytes:5
23:05:46.3 (28356344)|VARIABLE_ASSIGNMENT|[98]|nPressed|true
23:05:46.3 (28362263)|STATEMENT_EXECUTE|[69]
23:05:46.3 (28364784)|STATEMENT_EXECUTE|[70]
23:05:46.3 (28376295)|USER_DEBUG|[70]|DEBUG|
Turno de segundo jugador
23:05:46.3 (28390233)|STATEMENT_EXECUTE|[71]
23:05:46.3 (28399025)|USER_DEBUG|[71]|DEBUG|Jugador lanza los dados
23:05:46.3 (28407982)|STATEMENT_EXECUTE|[72]
23:05:46.3 (28412853)|METHOD_ENTRY|[72]|01pIY000001AhCh|LadderGame.SnakeNLadder.rollDice()
23:05:46.3 (28419394)|VARIABLE_SCOPE_BEGIN|[28]|this|LadderGame.SnakeNLadder|true|false
23:05:46.3 (28444825)|VARIABLE_ASSIGNMENT|[28]|this|{"ladder":"0xc6ee890","snake":"0x7a26460b","WinPoint":25}|0x59453d53
23:05:46.3 (28454140)|STATEMENT_EXECUTE|[28]
23:05:46.3 (28460564)|STATEMENT_EXECUTE|[29]
23:05:46.3 (28467756)|METHOD_ENTRY|[29]||System.Math.random()
23:05:46.3 (28486660)|METHOD_EXIT|[29]||System.Math.random()
23:05:46.3 (28517524)|VARIABLE_SCOPE_BEGIN|[29]|dice|Integer|false|false
23:05:46.3 (28528960)|HEAP_ALLOCATE|[29]|Bytes:4
23:05:46.3 (28538701)|VARIABLE_ASSIGNMENT|[29]|dice|0
23:05:46.3 (28548893)|STATEMENT_EXECUTE|[30]
23:05:46.3 (28558674)|USER_DEBUG|[30]|DEBUG|0
23:05:46.3 (28568715)|STATEMENT_EXECUTE|[31]
23:05:46.3 (28575604)|METHOD_EXIT|[72]|01pIY000001AhCh|LadderGame.SnakeNLadder.rollDice()
23:05:46.3 (28581093)|HEAP_ALLOCATE|[72]|Bytes:4
23:05:46.3 (28589330)|VARIABLE_ASSIGNMENT|[72]|diceValue|0
23:05:46.3 (28597456)|STATEMENT_EXECUTE|[86]
23:05:46.3 (28600870)|STATEMENT_EXECUTE|[87]
23:05:46.3 (28608629)|METHOD_ENTRY|[87]|01pIY000001AhCh|LadderGame.SnakeNLadder.PlayerValueDice(Integer, Integer)
23:05:46.3 (28617213)|VARIABLE_SCOPE_BEGIN|[35]|this|LadderGame.SnakeNLadder|true|false
23:05:46.3 (28640850)|VARIABLE_ASSIGNMENT|[35]|this|{"ladder":"0xc6ee890","snake":"0x7a26460b","WinPoint":25}|0x59453d53
23:05:46.3 (28648854)|VARIABLE_SCOPE_BEGIN|[35]|playerPosition|Integer|false|false
23:05:46.3 (28659302)|VARIABLE_ASSIGNMENT|[35]|playerPosition|21
23:05:46.3 (28665743)|VARIABLE_SCOPE_BEGIN|[35]|dice|Integer|false|false
23:05:46.3 (28677650)|VARIABLE_ASSIGNMENT|[35]|dice|0
23:05:46.3 (28685657)|STATEMENT_EXECUTE|[35]
23:05:46.3 (28690758)|STATEMENT_EXECUTE|[37]
23:05:46.3 (28695132)|VARIABLE_SCOPE_BEGIN|[37]|playerNewPosition|Integer|false|false
23:05:46.3 (28705134)|HEAP_ALLOCATE|[37]|Bytes:4
23:05:46.3 (28712320)|VARIABLE_ASSIGNMENT|[37]|playerNewPosition|21
23:05:46.3 (28731370)|STATEMENT_EXECUTE|[39]
23:05:46.3 (28740538)|HEAP_ALLOCATE|[42]|Bytes:4
23:05:46.3 (28763134)|STATEMENT_EXECUTE|[42]
23:05:46.3 (28774881)|HEAP_ALLOCATE|[47]|Bytes:4
23:05:46.3 (28785593)|STATEMENT_EXECUTE|[47]
23:05:46.3 (28788679)|STATEMENT_EXECUTE|[52]
23:05:46.3 (28794867)|METHOD_EXIT|[87]|01pIY000001AhCh|LadderGame.SnakeNLadder.PlayerValueDice(Integer, Integer)
23:05:46.3 (28800830)|HEAP_ALLOCATE|[87]|Bytes:4
23:05:46.3 (28808823)|VARIABLE_ASSIGNMENT|[87]|player2Position|21
23:05:46.3 (28817153)|STATEMENT_EXECUTE|[88]
23:05:46.3 (28844705)|HEAP_ALLOCATE|[88]|Bytes:2
23:05:46.3 (28860584)|HEAP_ALLOCATE|[88]|Bytes:31
23:05:46.3 (28877615)|USER_DEBUG|[88]|DEBUG|Posición del primer jugador: 20
23:05:46.3 (28887642)|STATEMENT_EXECUTE|[89]
23:05:46.3 (28897716)|HEAP_ALLOCATE|[89]|Bytes:2
23:05:46.3 (28911899)|HEAP_ALLOCATE|[89]|Bytes:32
23:05:46.3 (28921230)|USER_DEBUG|[89]|DEBUG|Posición del segundo jugador: 21
23:05:46.3 (28936524)|METHOD_ENTRY|[91]|01pIY000001AhCh|LadderGame.SnakeNLadder.check_Win(Integer)
23:05:46.3 (28946224)|VARIABLE_SCOPE_BEGIN|[56]|this|LadderGame.SnakeNLadder|true|false
23:05:46.3 (28994849)|VARIABLE_ASSIGNMENT|[56]|this|{"ladder":"0xc6ee890","snake":"0x7a26460b","WinPoint":25}|0x59453d53
23:05:46.3 (29003013)|VARIABLE_SCOPE_BEGIN|[56]|playerPosition|Integer|false|false
23:05:46.3 (29019208)|VARIABLE_ASSIGNMENT|[56]|playerPosition|21
23:05:46.3 (29031127)|STATEMENT_EXECUTE|[56]
23:05:46.3 (29034518)|STATEMENT_EXECUTE|[57]
23:05:46.3 (29043662)|METHOD_EXIT|[91]|01pIY000001AhCh|LadderGame.SnakeNLadder.check_Win(Integer)
23:05:46.3 (29051494)|STATEMENT_EXECUTE|[91]
23:05:46.3 (29054967)|STATEMENT_EXECUTE|[97]
23:05:46.3 (29059108)|HEAP_ALLOCATE|[97]|Bytes:4
23:05:46.3 (29067824)|VARIABLE_ASSIGNMENT|[97]|currentPlayer|-1
23:05:46.3 (29078907)|HEAP_ALLOCATE|[98]|Bytes:5
23:05:46.3 (29090511)|VARIABLE_ASSIGNMENT|[98]|nPressed|true
23:05:46.3 (29100454)|STATEMENT_EXECUTE|[69]
23:05:46.3 (29105822)|STATEMENT_EXECUTE|[70]
23:05:46.3 (29117824)|USER_DEBUG|[70]|DEBUG|
Turno de primer jugador
23:05:46.3 (29132424)|STATEMENT_EXECUTE|[71]
23:05:46.3 (29140483)|USER_DEBUG|[71]|DEBUG|Jugador lanza los dados
23:05:46.3 (29154523)|STATEMENT_EXECUTE|[72]
23:05:46.3 (29163171)|METHOD_ENTRY|[72]|01pIY000001AhCh|LadderGame.SnakeNLadder.rollDice()
23:05:46.3 (29173948)|VARIABLE_SCOPE_BEGIN|[28]|this|LadderGame.SnakeNLadder|true|false
23:05:46.3 (29207417)|VARIABLE_ASSIGNMENT|[28]|this|{"ladder":"0xc6ee890","snake":"0x7a26460b","WinPoint":25}|0x59453d53
23:05:46.3 (29216886)|STATEMENT_EXECUTE|[28]
23:05:46.3 (29219330)|STATEMENT_EXECUTE|[29]
23:05:46.3 (29225056)|METHOD_ENTRY|[29]||System.Math.random()
23:05:46.3 (29244643)|METHOD_EXIT|[29]||System.Math.random()
23:05:46.3 (29287049)|VARIABLE_SCOPE_BEGIN|[29]|dice|Integer|false|false
23:05:46.3 (29296857)|HEAP_ALLOCATE|[29]|Bytes:4
23:05:46.3 (29311177)|VARIABLE_ASSIGNMENT|[29]|dice|2
23:05:46.3 (29316892)|STATEMENT_EXECUTE|[30]
23:05:46.3 (29331174)|USER_DEBUG|[30]|DEBUG|2
23:05:46.3 (29343361)|STATEMENT_EXECUTE|[31]
23:05:46.3 (29350844)|METHOD_EXIT|[72]|01pIY000001AhCh|LadderGame.SnakeNLadder.rollDice()
23:05:46.3 (29357615)|HEAP_ALLOCATE|[72]|Bytes:4
23:05:46.3 (29369029)|VARIABLE_ASSIGNMENT|[72]|diceValue|2
23:05:46.3 (29377015)|STATEMENT_EXECUTE|[76]
23:05:46.3 (29379566)|STATEMENT_EXECUTE|[77]
23:05:46.3 (29385968)|METHOD_ENTRY|[77]|01pIY000001AhCh|LadderGame.SnakeNLadder.PlayerValueDice(Integer, Integer)
23:05:46.3 (29395752)|VARIABLE_SCOPE_BEGIN|[35]|this|LadderGame.SnakeNLadder|true|false
23:05:46.3 (29427452)|VARIABLE_ASSIGNMENT|[35]|this|{"ladder":"0xc6ee890","snake":"0x7a26460b","WinPoint":25}|0x59453d53
23:05:46.3 (29437595)|VARIABLE_SCOPE_BEGIN|[35]|playerPosition|Integer|false|false
23:05:46.3 (29448913)|VARIABLE_ASSIGNMENT|[35]|playerPosition|20
23:05:46.3 (29457033)|VARIABLE_SCOPE_BEGIN|[35]|dice|Integer|false|false
23:05:46.3 (29471380)|VARIABLE_ASSIGNMENT|[35]|dice|2
23:05:46.3 (29481561)|STATEMENT_EXECUTE|[35]
23:05:46.3 (29484262)|STATEMENT_EXECUTE|[37]
23:05:46.3 (29490447)|VARIABLE_SCOPE_BEGIN|[37]|playerNewPosition|Integer|false|false
23:05:46.3 (29499310)|HEAP_ALLOCATE|[37]|Bytes:4
23:05:46.3 (29507777)|VARIABLE_ASSIGNMENT|[37]|playerNewPosition|22
23:05:46.3 (29514670)|STATEMENT_EXECUTE|[39]
23:05:46.3 (29525070)|HEAP_ALLOCATE|[42]|Bytes:4
23:05:46.3 (29541333)|STATEMENT_EXECUTE|[42]
23:05:46.3 (29545252)|STATEMENT_EXECUTE|[43]
23:05:46.3 (29558192)|USER_DEBUG|[43]|DEBUG|Encontraste una serpiente!
23:05:46.3 (29570135)|STATEMENT_EXECUTE|[44]
23:05:46.3 (29577658)|HEAP_ALLOCATE|[44]|Bytes:4
23:05:46.3 (29591813)|VARIABLE_ASSIGNMENT|[44]|playerNewPosition|20
23:05:46.3 (29611861)|STATEMENT_EXECUTE|[47]
23:05:46.3 (29617744)|STATEMENT_EXECUTE|[52]
23:05:46.3 (29626057)|METHOD_EXIT|[77]|01pIY000001AhCh|LadderGame.SnakeNLadder.PlayerValueDice(Integer, Integer)
23:05:46.3 (29642961)|VARIABLE_ASSIGNMENT|[77]|player1Position|20
23:05:46.3 (29649415)|STATEMENT_EXECUTE|[78]
23:05:46.3 (29665713)|HEAP_ALLOCATE|[78]|Bytes:2
23:05:46.3 (29684227)|HEAP_ALLOCATE|[78]|Bytes:31
23:05:46.3 (29703385)|USER_DEBUG|[78]|DEBUG|Posición del primer jugador: 20
23:05:46.3 (29717947)|STATEMENT_EXECUTE|[79]
23:05:46.3 (29729231)|HEAP_ALLOCATE|[79]|Bytes:2
23:05:46.3 (29742996)|HEAP_ALLOCATE|[79]|Bytes:32
23:05:46.3 (29755772)|USER_DEBUG|[79]|DEBUG|Posición del segundo jugador: 21
23:05:46.3 (29776153)|METHOD_ENTRY|[81]|01pIY000001AhCh|LadderGame.SnakeNLadder.check_Win(Integer)
23:05:46.3 (29786037)|VARIABLE_SCOPE_BEGIN|[56]|this|LadderGame.SnakeNLadder|true|false
23:05:46.3 (29814185)|VARIABLE_ASSIGNMENT|[56]|this|{"ladder":"0xc6ee890","snake":"0x7a26460b","WinPoint":25}|0x59453d53
23:05:46.3 (29824488)|VARIABLE_SCOPE_BEGIN|[56]|playerPosition|Integer|false|false
23:05:46.3 (29839870)|VARIABLE_ASSIGNMENT|[56]|playerPosition|20
23:05:46.3 (29850034)|STATEMENT_EXECUTE|[56]
23:05:46.3 (29853495)|STATEMENT_EXECUTE|[57]
23:05:46.3 (29864732)|METHOD_EXIT|[81]|01pIY000001AhCh|LadderGame.SnakeNLadder.check_Win(Integer)
23:05:46.3 (29872197)|STATEMENT_EXECUTE|[81]
23:05:46.3 (29876369)|STATEMENT_EXECUTE|[97]
23:05:46.3 (29882369)|HEAP_ALLOCATE|[97]|Bytes:4
23:05:46.3 (29895862)|VARIABLE_ASSIGNMENT|[97]|currentPlayer|1
23:05:46.3 (29975107)|HEAP_ALLOCATE|[98]|Bytes:5
23:05:46.3 (29985846)|VARIABLE_ASSIGNMENT|[98]|nPressed|true
23:05:46.3 (29997050)|STATEMENT_EXECUTE|[69]
23:05:46.3 (30001114)|STATEMENT_EXECUTE|[70]
23:05:46.3 (30014955)|USER_DEBUG|[70]|DEBUG|
Turno de segundo jugador
23:05:46.3 (30036250)|STATEMENT_EXECUTE|[71]
23:05:46.3 (30044438)|USER_DEBUG|[71]|DEBUG|Jugador lanza los dados
23:05:46.3 (30052544)|STATEMENT_EXECUTE|[72]
23:05:46.3 (30058490)|METHOD_ENTRY|[72]|01pIY000001AhCh|LadderGame.SnakeNLadder.rollDice()
23:05:46.3 (30070707)|VARIABLE_SCOPE_BEGIN|[28]|this|LadderGame.SnakeNLadder|true|false
23:05:46.3 (30109864)|VARIABLE_ASSIGNMENT|[28]|this|{"ladder":"0xc6ee890","snake":"0x7a26460b","WinPoint":25}|0x59453d53
23:05:46.3 (30120656)|STATEMENT_EXECUTE|[28]
23:05:46.3 (30125092)|STATEMENT_EXECUTE|[29]
23:05:46.3 (30133273)|METHOD_ENTRY|[29]||System.Math.random()
23:05:46.3 (30152087)|METHOD_EXIT|[29]||System.Math.random()
23:05:46.3 (30187287)|VARIABLE_SCOPE_BEGIN|[29]|dice|Integer|false|false
23:05:46.3 (30199297)|HEAP_ALLOCATE|[29]|Bytes:4
23:05:46.3 (30212002)|VARIABLE_ASSIGNMENT|[29]|dice|2
23:05:46.3 (30219875)|STATEMENT_EXECUTE|[30]
23:05:46.3 (30230905)|USER_DEBUG|[30]|DEBUG|2
23:05:46.3 (30240001)|STATEMENT_EXECUTE|[31]
23:05:46.3 (30244228)|METHOD_EXIT|[72]|01pIY000001AhCh|LadderGame.SnakeNLadder.rollDice()
23:05:46.3 (30253931)|HEAP_ALLOCATE|[72]|Bytes:4
23:05:46.3 (30270313)|VARIABLE_ASSIGNMENT|[72]|diceValue|2
23:05:46.3 (30280902)|STATEMENT_EXECUTE|[86]
23:05:46.3 (30284288)|STATEMENT_EXECUTE|[87]
23:05:46.3 (30297538)|METHOD_ENTRY|[87]|01pIY000001AhCh|LadderGame.SnakeNLadder.PlayerValueDice(Integer, Integer)
23:05:46.3 (30312595)|VARIABLE_SCOPE_BEGIN|[35]|this|LadderGame.SnakeNLadder|true|false
23:05:46.3 (30341836)|VARIABLE_ASSIGNMENT|[35]|this|{"ladder":"0xc6ee890","snake":"0x7a26460b","WinPoint":25}|0x59453d53
23:05:46.3 (30350417)|VARIABLE_SCOPE_BEGIN|[35]|playerPosition|Integer|false|false
23:05:46.3 (30363772)|VARIABLE_ASSIGNMENT|[35]|playerPosition|21
23:05:46.3 (30373813)|VARIABLE_SCOPE_BEGIN|[35]|dice|Integer|false|false
23:05:46.3 (30385157)|VARIABLE_ASSIGNMENT|[35]|dice|2
23:05:46.3 (30391200)|STATEMENT_EXECUTE|[35]
23:05:46.3 (30397613)|STATEMENT_EXECUTE|[37]
23:05:46.3 (30403271)|VARIABLE_SCOPE_BEGIN|[37]|playerNewPosition|Integer|false|false
23:05:46.3 (30410793)|HEAP_ALLOCATE|[37]|Bytes:4
23:05:46.3 (30419668)|VARIABLE_ASSIGNMENT|[37]|playerNewPosition|23
23:05:46.3 (30428516)|STATEMENT_EXECUTE|[39]
23:05:46.3 (30448194)|HEAP_ALLOCATE|[42]|Bytes:4
23:05:46.3 (30464078)|STATEMENT_EXECUTE|[42]
23:05:46.3 (30473187)|HEAP_ALLOCATE|[47]|Bytes:4
23:05:46.3 (30485329)|STATEMENT_EXECUTE|[47]
23:05:46.3 (30491134)|STATEMENT_EXECUTE|[52]
23:05:46.3 (30498038)|METHOD_EXIT|[87]|01pIY000001AhCh|LadderGame.SnakeNLadder.PlayerValueDice(Integer, Integer)
23:05:46.3 (30506235)|HEAP_ALLOCATE|[87]|Bytes:4
23:05:46.3 (30518251)|VARIABLE_ASSIGNMENT|[87]|player2Position|23
23:05:46.3 (30525407)|STATEMENT_EXECUTE|[88]
23:05:46.3 (30548877)|HEAP_ALLOCATE|[88]|Bytes:2
23:05:46.3 (30565992)|HEAP_ALLOCATE|[88]|Bytes:31
23:05:46.3 (30579914)|USER_DEBUG|[88]|DEBUG|Posición del primer jugador: 20
23:05:46.3 (30595999)|STATEMENT_EXECUTE|[89]
23:05:46.3 (30607364)|HEAP_ALLOCATE|[89]|Bytes:2
23:05:46.3 (30623843)|HEAP_ALLOCATE|[89]|Bytes:32
23:05:46.3 (30640535)|USER_DEBUG|[89]|DEBUG|Posición del segundo jugador: 23
23:05:46.3 (30653608)|METHOD_ENTRY|[91]|01pIY000001AhCh|LadderGame.SnakeNLadder.check_Win(Integer)
23:05:46.3 (30665923)|VARIABLE_SCOPE_BEGIN|[56]|this|LadderGame.SnakeNLadder|true|false
23:05:46.3 (30691133)|VARIABLE_ASSIGNMENT|[56]|this|{"ladder":"0xc6ee890","snake":"0x7a26460b","WinPoint":25}|0x59453d53
23:05:46.3 (30703587)|VARIABLE_SCOPE_BEGIN|[56]|playerPosition|Integer|false|false
23:05:46.3 (30720444)|VARIABLE_ASSIGNMENT|[56]|playerPosition|23
23:05:46.3 (30732449)|STATEMENT_EXECUTE|[56]
23:05:46.3 (30735236)|STATEMENT_EXECUTE|[57]
23:05:46.3 (30742065)|METHOD_EXIT|[91]|01pIY000001AhCh|LadderGame.SnakeNLadder.check_Win(Integer)
23:05:46.3 (30748959)|STATEMENT_EXECUTE|[91]
23:05:46.3 (30751307)|STATEMENT_EXECUTE|[97]
23:05:46.3 (30754935)|HEAP_ALLOCATE|[97]|Bytes:4
23:05:46.3 (30764092)|VARIABLE_ASSIGNMENT|[97]|currentPlayer|-1
23:05:46.3 (30775469)|HEAP_ALLOCATE|[98]|Bytes:5
23:05:46.3 (30787440)|VARIABLE_ASSIGNMENT|[98]|nPressed|true
23:05:46.3 (30797028)|STATEMENT_EXECUTE|[69]
23:05:46.3 (30802919)|STATEMENT_EXECUTE|[70]
23:05:46.3 (30814950)|USER_DEBUG|[70]|DEBUG|
Turno de primer jugador
23:05:46.3 (30826935)|STATEMENT_EXECUTE|[71]
23:05:46.3 (30833443)|USER_DEBUG|[71]|DEBUG|Jugador lanza los dados
23:05:46.3 (30844208)|STATEMENT_EXECUTE|[72]
23:05:46.3 (30848862)|METHOD_ENTRY|[72]|01pIY000001AhCh|LadderGame.SnakeNLadder.rollDice()
23:05:46.3 (30858979)|VARIABLE_SCOPE_BEGIN|[28]|this|LadderGame.SnakeNLadder|true|false
23:05:46.3 (30886722)|VARIABLE_ASSIGNMENT|[28]|this|{"ladder":"0xc6ee890","snake":"0x7a26460b","WinPoint":25}|0x59453d53
23:05:46.3 (30897582)|STATEMENT_EXECUTE|[28]
23:05:46.3 (30900330)|STATEMENT_EXECUTE|[29]
23:05:46.3 (30905572)|METHOD_ENTRY|[29]||System.Math.random()
23:05:46.3 (30930038)|METHOD_EXIT|[29]||System.Math.random()
23:05:46.3 (30959470)|VARIABLE_SCOPE_BEGIN|[29]|dice|Integer|false|false
23:05:46.3 (30971410)|HEAP_ALLOCATE|[29]|Bytes:4
23:05:46.3 (30980483)|VARIABLE_ASSIGNMENT|[29]|dice|1
23:05:46.3 (30987256)|STATEMENT_EXECUTE|[30]
23:05:46.3 (30997689)|USER_DEBUG|[30]|DEBUG|1
23:05:46.3 (31013048)|STATEMENT_EXECUTE|[31]
23:05:46.3 (31017513)|METHOD_EXIT|[72]|01pIY000001AhCh|LadderGame.SnakeNLadder.rollDice()
23:05:46.3 (31027193)|HEAP_ALLOCATE|[72]|Bytes:4
23:05:46.3 (31038661)|VARIABLE_ASSIGNMENT|[72]|diceValue|1
23:05:46.3 (31047995)|STATEMENT_EXECUTE|[76]
23:05:46.3 (31052087)|STATEMENT_EXECUTE|[77]
23:05:46.3 (31057950)|METHOD_ENTRY|[77]|01pIY000001AhCh|LadderGame.SnakeNLadder.PlayerValueDice(Integer, Integer)
23:05:46.3 (31067441)|VARIABLE_SCOPE_BEGIN|[35]|this|LadderGame.SnakeNLadder|true|false
23:05:46.3 (31091447)|VARIABLE_ASSIGNMENT|[35]|this|{"ladder":"0xc6ee890","snake":"0x7a26460b","WinPoint":25}|0x59453d53
23:05:46.3 (31101839)|VARIABLE_SCOPE_BEGIN|[35]|playerPosition|Integer|false|false
23:05:46.3 (31115447)|VARIABLE_ASSIGNMENT|[35]|playerPosition|20
23:05:46.3 (31125551)|VARIABLE_SCOPE_BEGIN|[35]|dice|Integer|false|false
23:05:46.3 (31137591)|VARIABLE_ASSIGNMENT|[35]|dice|1
23:05:46.3 (31143898)|STATEMENT_EXECUTE|[35]
23:05:46.3 (31147085)|STATEMENT_EXECUTE|[37]
23:05:46.3 (31154575)|VARIABLE_SCOPE_BEGIN|[37]|playerNewPosition|Integer|false|false
23:05:46.3 (31163931)|HEAP_ALLOCATE|[37]|Bytes:4
23:05:46.3 (31176810)|VARIABLE_ASSIGNMENT|[37]|playerNewPosition|21
23:05:46.3 (31183351)|STATEMENT_EXECUTE|[39]
23:05:46.3 (31198696)|HEAP_ALLOCATE|[42]|Bytes:4
23:05:46.3 (31213579)|STATEMENT_EXECUTE|[42]
23:05:46.3 (31224169)|HEAP_ALLOCATE|[47]|Bytes:4
23:05:46.3 (31232630)|STATEMENT_EXECUTE|[47]
23:05:46.3 (31234994)|STATEMENT_EXECUTE|[52]
23:05:46.3 (31240236)|METHOD_EXIT|[77]|01pIY000001AhCh|LadderGame.SnakeNLadder.PlayerValueDice(Integer, Integer)
23:05:46.3 (31247274)|HEAP_ALLOCATE|[77]|Bytes:4
23:05:46.3 (31258456)|VARIABLE_ASSIGNMENT|[77]|player1Position|21
23:05:46.3 (31264308)|STATEMENT_EXECUTE|[78]
23:05:46.3 (31284323)|HEAP_ALLOCATE|[78]|Bytes:2
23:05:46.3 (31300253)|HEAP_ALLOCATE|[78]|Bytes:31
23:05:46.3 (31309840)|USER_DEBUG|[78]|DEBUG|Posición del primer jugador: 21
23:05:46.3 (31321518)|STATEMENT_EXECUTE|[79]
23:05:46.3 (31331966)|HEAP_ALLOCATE|[79]|Bytes:2
23:05:46.3 (31346996)|HEAP_ALLOCATE|[79]|Bytes:32
23:05:46.3 (31358978)|USER_DEBUG|[79]|DEBUG|Posición del segundo jugador: 23
23:05:46.3 (31375572)|METHOD_ENTRY|[81]|01pIY000001AhCh|LadderGame.SnakeNLadder.check_Win(Integer)
23:05:46.3 (31383333)|VARIABLE_SCOPE_BEGIN|[56]|this|LadderGame.SnakeNLadder|true|false
23:05:46.3 (31412759)|VARIABLE_ASSIGNMENT|[56]|this|{"ladder":"0xc6ee890","snake":"0x7a26460b","WinPoint":25}|0x59453d53
23:05:46.3 (31431416)|VARIABLE_SCOPE_BEGIN|[56]|playerPosition|Integer|false|false
23:05:46.3 (31447820)|VARIABLE_ASSIGNMENT|[56]|playerPosition|21
23:05:46.3 (31461581)|STATEMENT_EXECUTE|[56]
23:05:46.3 (31463924)|STATEMENT_EXECUTE|[57]
23:05:46.3 (31470786)|METHOD_EXIT|[81]|01pIY000001AhCh|LadderGame.SnakeNLadder.check_Win(Integer)
23:05:46.3 (31477264)|STATEMENT_EXECUTE|[81]
23:05:46.3 (31480005)|STATEMENT_EXECUTE|[97]
23:05:46.3 (31483572)|HEAP_ALLOCATE|[97]|Bytes:4
23:05:46.3 (31492083)|VARIABLE_ASSIGNMENT|[97]|currentPlayer|1
23:05:46.3 (31502317)|HEAP_ALLOCATE|[98]|Bytes:5
23:05:46.3 (31513427)|VARIABLE_ASSIGNMENT|[98]|nPressed|true
23:05:46.3 (31522355)|STATEMENT_EXECUTE|[69]
23:05:46.3 (31525046)|STATEMENT_EXECUTE|[70]
23:05:46.3 (31534974)|USER_DEBUG|[70]|DEBUG|
Turno de segundo jugador
23:05:46.3 (31544587)|STATEMENT_EXECUTE|[71]
23:05:46.3 (31553148)|USER_DEBUG|[71]|DEBUG|Jugador lanza los dados
23:05:46.3 (31562083)|STATEMENT_EXECUTE|[72]
23:05:46.3 (31568713)|METHOD_ENTRY|[72]|01pIY000001AhCh|LadderGame.SnakeNLadder.rollDice()
23:05:46.3 (31580951)|VARIABLE_SCOPE_BEGIN|[28]|this|LadderGame.SnakeNLadder|true|false
23:05:46.3 (31611667)|VARIABLE_ASSIGNMENT|[28]|this|{"ladder":"0xc6ee890","snake":"0x7a26460b","WinPoint":25}|0x59453d53
23:05:46.3 (31620871)|STATEMENT_EXECUTE|[28]
23:05:46.3 (31627412)|STATEMENT_EXECUTE|[29]
23:05:46.3 (31633244)|METHOD_ENTRY|[29]||System.Math.random()
23:05:46.3 (31653818)|METHOD_EXIT|[29]||System.Math.random()
23:05:46.3 (31686726)|VARIABLE_SCOPE_BEGIN|[29]|dice|Integer|false|false
23:05:46.3 (31696801)|HEAP_ALLOCATE|[29]|Bytes:4
23:05:46.3 (31709075)|VARIABLE_ASSIGNMENT|[29]|dice|4
23:05:46.3 (31714036)|STATEMENT_EXECUTE|[30]
23:05:46.3 (31722595)|USER_DEBUG|[30]|DEBUG|4
23:05:46.3 (31736599)|STATEMENT_EXECUTE|[31]
23:05:46.3 (31743402)|METHOD_EXIT|[72]|01pIY000001AhCh|LadderGame.SnakeNLadder.rollDice()
23:05:46.3 (31751672)|HEAP_ALLOCATE|[72]|Bytes:4
23:05:46.3 (31761946)|VARIABLE_ASSIGNMENT|[72]|diceValue|4
23:05:46.3 (31768698)|STATEMENT_EXECUTE|[86]
23:05:46.3 (31771637)|STATEMENT_EXECUTE|[87]
23:05:46.3 (31778450)|METHOD_ENTRY|[87]|01pIY000001AhCh|LadderGame.SnakeNLadder.PlayerValueDice(Integer, Integer)
23:05:46.3 (31784495)|VARIABLE_SCOPE_BEGIN|[35]|this|LadderGame.SnakeNLadder|true|false
23:05:46.3 (31817736)|VARIABLE_ASSIGNMENT|[35]|this|{"ladder":"0xc6ee890","snake":"0x7a26460b","WinPoint":25}|0x59453d53
23:05:46.3 (31827633)|VARIABLE_SCOPE_BEGIN|[35]|playerPosition|Integer|false|false
23:05:46.3 (31845969)|VARIABLE_ASSIGNMENT|[35]|playerPosition|23
23:05:46.3 (31851636)|VARIABLE_SCOPE_BEGIN|[35]|dice|Integer|false|false
23:05:46.3 (31867799)|VARIABLE_ASSIGNMENT|[35]|dice|4
23:05:46.3 (31874060)|STATEMENT_EXECUTE|[35]
23:05:46.3 (31879633)|STATEMENT_EXECUTE|[37]
23:05:46.3 (31886996)|VARIABLE_SCOPE_BEGIN|[37]|playerNewPosition|Integer|false|false
23:05:46.3 (31897770)|HEAP_ALLOCATE|[37]|Bytes:4
23:05:46.3 (31912846)|VARIABLE_ASSIGNMENT|[37]|playerNewPosition|27
23:05:46.3 (31923053)|STATEMENT_EXECUTE|[40]
23:05:46.3 (31927948)|METHOD_EXIT|[87]|01pIY000001AhCh|LadderGame.SnakeNLadder.PlayerValueDice(Integer, Integer)
23:05:46.3 (31937491)|HEAP_ALLOCATE|[87]|Bytes:4
23:05:46.3 (31944548)|VARIABLE_ASSIGNMENT|[87]|player2Position|23
23:05:46.3 (31951033)|STATEMENT_EXECUTE|[88]
23:05:46.3 (31968964)|HEAP_ALLOCATE|[88]|Bytes:2
23:05:46.3 (31986442)|HEAP_ALLOCATE|[88]|Bytes:31
23:05:46.3 (31995481)|USER_DEBUG|[88]|DEBUG|Posición del primer jugador: 21
23:05:46.3 (32009637)|STATEMENT_EXECUTE|[89]
23:05:46.3 (32020596)|HEAP_ALLOCATE|[89]|Bytes:2
23:05:46.3 (32032419)|HEAP_ALLOCATE|[89]|Bytes:32
23:05:46.3 (32041772)|USER_DEBUG|[89]|DEBUG|Posición del segundo jugador: 23
23:05:46.3 (32057807)|METHOD_ENTRY|[91]|01pIY000001AhCh|LadderGame.SnakeNLadder.check_Win(Integer)
23:05:46.3 (32065066)|VARIABLE_SCOPE_BEGIN|[56]|this|LadderGame.SnakeNLadder|true|false
23:05:46.3 (32096312)|VARIABLE_ASSIGNMENT|[56]|this|{"ladder":"0xc6ee890","snake":"0x7a26460b","WinPoint":25}|0x59453d53
23:05:46.3 (32108076)|VARIABLE_SCOPE_BEGIN|[56]|playerPosition|Integer|false|false
23:05:46.3 (32118969)|VARIABLE_ASSIGNMENT|[56]|playerPosition|23
23:05:46.3 (32126134)|STATEMENT_EXECUTE|[56]
23:05:46.3 (32132798)|STATEMENT_EXECUTE|[57]
23:05:46.3 (32141851)|METHOD_EXIT|[91]|01pIY000001AhCh|LadderGame.SnakeNLadder.check_Win(Integer)
23:05:46.3 (32152316)|STATEMENT_EXECUTE|[91]
23:05:46.3 (32155010)|STATEMENT_EXECUTE|[97]
23:05:46.3 (32159584)|HEAP_ALLOCATE|[97]|Bytes:4
23:05:46.3 (32168031)|VARIABLE_ASSIGNMENT|[97]|currentPlayer|-1
23:05:46.3 (32180609)|HEAP_ALLOCATE|[98]|Bytes:5
23:05:46.3 (32191436)|VARIABLE_ASSIGNMENT|[98]|nPressed|true
23:05:46.3 (32199341)|STATEMENT_EXECUTE|[69]
23:05:46.3 (32201921)|STATEMENT_EXECUTE|[70]
23:05:46.3 (32216380)|USER_DEBUG|[70]|DEBUG|
Turno de primer jugador
23:05:46.3 (32293768)|STATEMENT_EXECUTE|[71]
23:05:46.3 (32312965)|USER_DEBUG|[71]|DEBUG|Jugador lanza los dados
23:05:46.3 (32324843)|STATEMENT_EXECUTE|[72]
23:05:46.3 (32330450)|METHOD_ENTRY|[72]|01pIY000001AhCh|LadderGame.SnakeNLadder.rollDice()
23:05:46.3 (32338026)|VARIABLE_SCOPE_BEGIN|[28]|this|LadderGame.SnakeNLadder|true|false
23:05:46.3 (32375213)|VARIABLE_ASSIGNMENT|[28]|this|{"ladder":"0xc6ee890","snake":"0x7a26460b","WinPoint":25}|0x59453d53
23:05:46.3 (32388100)|STATEMENT_EXECUTE|[28]
23:05:46.3 (32393033)|STATEMENT_EXECUTE|[29]
23:05:46.3 (32398520)|METHOD_ENTRY|[29]||System.Math.random()
23:05:46.3 (32417287)|METHOD_EXIT|[29]||System.Math.random()
23:05:46.3 (32456879)|VARIABLE_SCOPE_BEGIN|[29]|dice|Integer|false|false
23:05:46.3 (32468987)|HEAP_ALLOCATE|[29]|Bytes:4
23:05:46.3 (32480279)|VARIABLE_ASSIGNMENT|[29]|dice|4
23:05:46.3 (32486134)|STATEMENT_EXECUTE|[30]
23:05:46.3 (32498521)|USER_DEBUG|[30]|DEBUG|4
23:05:46.3 (32508535)|STATEMENT_EXECUTE|[31]
23:05:46.3 (32514464)|METHOD_EXIT|[72]|01pIY000001AhCh|LadderGame.SnakeNLadder.rollDice()
23:05:46.3 (32522122)|HEAP_ALLOCATE|[72]|Bytes:4
23:05:46.3 (32532864)|VARIABLE_ASSIGNMENT|[72]|diceValue|4
23:05:46.3 (32543944)|STATEMENT_EXECUTE|[76]
23:05:46.3 (32546518)|STATEMENT_EXECUTE|[77]
23:05:46.3 (32553086)|METHOD_ENTRY|[77]|01pIY000001AhCh|LadderGame.SnakeNLadder.PlayerValueDice(Integer, Integer)
23:05:46.3 (32559930)|VARIABLE_SCOPE_BEGIN|[35]|this|LadderGame.SnakeNLadder|true|false
23:05:46.3 (32587971)|VARIABLE_ASSIGNMENT|[35]|this|{"ladder":"0xc6ee890","snake":"0x7a26460b","WinPoint":25}|0x59453d53
23:05:46.3 (32595851)|VARIABLE_SCOPE_BEGIN|[35]|playerPosition|Integer|false|false
23:05:46.3 (32612451)|VARIABLE_ASSIGNMENT|[35]|playerPosition|21
23:05:46.3 (32619215)|VARIABLE_SCOPE_BEGIN|[35]|dice|Integer|false|false
23:05:46.3 (32631465)|VARIABLE_ASSIGNMENT|[35]|dice|4
23:05:46.3 (32638384)|STATEMENT_EXECUTE|[35]
23:05:46.3 (32640709)|STATEMENT_EXECUTE|[37]
23:05:46.3 (32644793)|VARIABLE_SCOPE_BEGIN|[37]|playerNewPosition|Integer|false|false
23:05:46.3 (32656932)|HEAP_ALLOCATE|[37]|Bytes:4
23:05:46.3 (32671016)|VARIABLE_ASSIGNMENT|[37]|playerNewPosition|25
23:05:46.3 (32682142)|STATEMENT_EXECUTE|[39]
23:05:46.3 (32695700)|HEAP_ALLOCATE|[42]|Bytes:4
23:05:46.3 (32706688)|STATEMENT_EXECUTE|[42]
23:05:46.3 (32731052)|HEAP_ALLOCATE|[47]|Bytes:4
23:05:46.3 (32740427)|STATEMENT_EXECUTE|[47]
23:05:46.3 (32742939)|STATEMENT_EXECUTE|[52]
23:05:46.3 (32751380)|METHOD_EXIT|[77]|01pIY000001AhCh|LadderGame.SnakeNLadder.PlayerValueDice(Integer, Integer)
23:05:46.3 (32760082)|HEAP_ALLOCATE|[77]|Bytes:4
23:05:46.3 (32770889)|VARIABLE_ASSIGNMENT|[77]|player1Position|25
23:05:46.3 (32777987)|STATEMENT_EXECUTE|[78]
23:05:46.3 (32799839)|HEAP_ALLOCATE|[78]|Bytes:2
23:05:46.3 (32818559)|HEAP_ALLOCATE|[78]|Bytes:31
23:05:46.3 (32835498)|USER_DEBUG|[78]|DEBUG|Posición del primer jugador: 25
23:05:46.3 (32852112)|STATEMENT_EXECUTE|[79]
23:05:46.3 (32864800)|HEAP_ALLOCATE|[79]|Bytes:2
23:05:46.3 (32877680)|HEAP_ALLOCATE|[79]|Bytes:32
23:05:46.3 (32890610)|USER_DEBUG|[79]|DEBUG|Posición del segundo jugador: 23
23:05:46.3 (32906474)|METHOD_ENTRY|[81]|01pIY000001AhCh|LadderGame.SnakeNLadder.check_Win(Integer)
23:05:46.3 (32915800)|VARIABLE_SCOPE_BEGIN|[56]|this|LadderGame.SnakeNLadder|true|false
23:05:46.3 (32945278)|VARIABLE_ASSIGNMENT|[56]|this|{"ladder":"0xc6ee890","snake":"0x7a26460b","WinPoint":25}|0x59453d53
23:05:46.3 (32977651)|VARIABLE_SCOPE_BEGIN|[56]|playerPosition|Integer|false|false
23:05:46.3 (32990437)|VARIABLE_ASSIGNMENT|[56]|playerPosition|25
23:05:46.3 (32999681)|STATEMENT_EXECUTE|[56]
23:05:46.3 (33003318)|STATEMENT_EXECUTE|[57]
23:05:46.3 (33018878)|METHOD_EXIT|[81]|01pIY000001AhCh|LadderGame.SnakeNLadder.check_Win(Integer)
23:05:46.3 (33029466)|STATEMENT_EXECUTE|[81]
23:05:46.3 (33032071)|STATEMENT_EXECUTE|[82]
23:05:46.3 (33037264)|HEAP_ALLOCATE|[82]|Bytes:51
23:05:46.3 (33081084)|USER_DEBUG|[82]|DEBUG|Felicidades!, el primer jugador ha ganado el juego.
23:05:46.3 (33094349)|STATEMENT_EXECUTE|[83]
23:05:46.3 (33101388)|HEAP_ALLOCATE|[83]|Bytes:5
23:05:46.3 (33113973)|VARIABLE_ASSIGNMENT|[83]|nPressed|false
23:05:46.3 (33119597)|STATEMENT_EXECUTE|[84]
23:05:46.3 (33126546)|METHOD_EXIT|[5]|01pIY000001AhCh|LadderGame.SnakeNLadder.startGame()
23:05:46.3 (33137747)|METHOD_EXIT|[1]|01pIY000001AhCh|LadderGame.start()
23:05:46.3 (33161051)|SYSTEM_MODE_EXIT|false
23:05:46.33 (33244136)|CUMULATIVE_LIMIT_USAGE
23:05:46.33 (33244136)|LIMIT_USAGE_FOR_NS|(default)|
  Number of SOQL queries: 0 out of 100
  Number of query rows: 0 out of 50000
  Number of SOSL queries: 0 out of 20
  Number of DML statements: 0 out of 150
  Number of Publish Immediate DML: 0 out of 150
  Number of DML rows: 0 out of 10000
  Maximum CPU time: 0 out of 10000
  Maximum heap size: 0 out of 6000000
  Number of callouts: 0 out of 100
  Number of Email Invocations: 0 out of 10
  Number of future calls: 0 out of 50
  Number of queueable jobs added to the queue: 0 out of 50
  Number of Mobile Apex push calls: 0 out of 10

23:05:46.33 (33244136)|CUMULATIVE_LIMIT_USAGE_END

23:05:46.3 (33322613)|CODE_UNIT_FINISHED|execute_anonymous_apex
23:05:46.3 (33335775)|EXECUTION_FINISHED
